Log file open, 01/01/19 12:00:11
LogWindows: Failed to load 'aqProf.dll' (GetLastError=126)
LogWindows: File 'aqProf.dll' does not exist
LogWindows: Failed to load 'VtuneApi.dll' (GetLastError=126)
LogWindows: File 'VtuneApi.dll' does not exist
LogWindows: Failed to load 'VtuneApi32e.dll' (GetLastError=126)
LogWindows: File 'VtuneApi32e.dll' does not exist
LogConsoleResponse: Display: Failed to find resolution value strings in scalability ini. Falling back to default.
LogInit: Display: Running engine for game: CPSC471FinalProject
LogPakFile: Registered encryption key '00000000000000000000000000000000': 0 pak files mounted, 0 remain pending
LogPlatformFile: Not using cached read wrapper
LogTaskGraph: Started task graph with 5 named threads and 23 total threads with 3 sets of task threads.
LogStats: Stats thread started at 0.266371
LogD3D11RHI: Loaded GFSDK_Aftermath_Lib.x64.dll
LogICUInternationalization: ICU TimeZone Detection - Raw Offset: -8:00, Platform Override: ''
LogPluginManager: Mounting plugin Paper2D
LogPluginManager: Mounting plugin AISupport
LogPluginManager: Mounting plugin LightPropagationVolume
LogPluginManager: Mounting plugin ActorLayerUtilities
LogPluginManager: Mounting plugin CLionSourceCodeAccess
LogPluginManager: Mounting plugin CodeLiteSourceCodeAccess
LogPluginManager: Mounting plugin GitSourceControl
LogPluginManager: Mounting plugin KDevelopSourceCodeAccess
LogPluginManager: Mounting plugin NullSourceCodeAccess
LogPluginManager: Mounting plugin PerforceSourceControl
LogPluginManager: Mounting plugin SubversionSourceControl
LogPluginManager: Mounting plugin UObjectPlugin
LogPluginManager: Mounting plugin VisualStudioCodeSourceCodeAccess
LogPluginManager: Mounting plugin VisualStudioSourceCodeAccess
LogPluginManager: Mounting plugin XCodeSourceCodeAccess
LogPluginManager: Mounting plugin AssetManagerEditor
LogPluginManager: Mounting plugin CryptoKeys
LogPluginManager: Mounting plugin DataValidation
LogPluginManager: Mounting plugin FacialAnimation
LogPluginManager: Mounting plugin GameplayTagsEditor
LogPluginManager: Mounting plugin MacGraphicsSwitching
LogPluginManager: Mounting plugin MeshEditor
LogPluginManager: Mounting plugin MobileLauncherProfileWizard
LogPluginManager: Mounting plugin PluginBrowser
LogPluginManager: Mounting plugin SpeedTreeImporter
LogPluginManager: Mounting plugin DatasmithContent
LogPluginManager: Mounting plugin VariantManagerContent
LogPluginManager: Mounting plugin AlembicImporter
LogPluginManager: Mounting plugin AppleImageUtils
LogPluginManager: Mounting plugin AppleVision
LogPluginManager: Mounting plugin BackChannel
LogPluginManager: Mounting plugin CharacterAI
LogPluginManager: Mounting plugin GeometryCache
LogPluginManager: Mounting plugin HTML5Networking
LogPluginManager: Mounting plugin ProxyLODPlugin
LogPluginManager: Mounting plugin MagicLeap
LogPluginManager: Mounting plugin MagicLeapMedia
LogPluginManager: Mounting plugin AndroidMedia
LogPluginManager: Mounting plugin AvfMedia
LogPluginManager: Mounting plugin ImgMedia
LogPluginManager: Mounting plugin LinearTimecode
LogPluginManager: Mounting plugin MediaCompositing
LogPluginManager: Mounting plugin MediaPlayerEditor
LogPluginManager: Mounting plugin WebMMedia
LogPluginManager: Mounting plugin WmfMedia
LogPluginManager: Mounting plugin TcpMessaging
LogPluginManager: Mounting plugin UdpMessaging
LogPluginManager: Mounting plugin ActorSequence
LogPluginManager: Mounting plugin LevelSequenceEditor
LogPluginManager: Mounting plugin MatineeToLevelSequence
LogPluginManager: Mounting plugin NetcodeUnitTest
LogPluginManager: Mounting plugin NUTUnrealEngine4
LogPluginManager: Mounting plugin OnlineSubsystemGooglePlay
LogPluginManager: Mounting plugin OnlineSubsystemIOS
LogPluginManager: Mounting plugin OnlineSubsystem
LogPluginManager: Mounting plugin OnlineSubsystemNull
LogPluginManager: Mounting plugin OnlineSubsystemUtils
LogPluginManager: Mounting plugin LauncherChunkInstaller
LogPluginManager: Mounting plugin AndroidDeviceProfileSelector
LogPluginManager: Mounting plugin AndroidMoviePlayer
LogPluginManager: Mounting plugin AndroidPermission
LogPluginManager: Mounting plugin AppleMoviePlayer
LogPluginManager: Mounting plugin ArchVisCharacter
LogPluginManager: Mounting plugin AudioCapture
LogPluginManager: Mounting plugin CableComponent
LogPluginManager: Mounting plugin CustomMeshComponent
LogPluginManager: Mounting plugin EditableMesh
LogPluginManager: Mounting plugin ExampleDeviceProfileSelector
LogPluginManager: Mounting plugin Firebase
LogPluginManager: Mounting plugin GoogleCloudMessaging
LogPluginManager: Mounting plugin IOSDeviceProfileSelector
LogPluginManager: Mounting plugin LinuxDeviceProfileSelector
LogPluginManager: Mounting plugin LocationServicesBPLibrary
LogPluginManager: Mounting plugin MobilePatchingUtils
LogPluginManager: Mounting plugin OculusVR
LogPluginManager: Mounting plugin PhysXVehicles
LogPluginManager: Mounting plugin ProceduralMeshComponent
LogPluginManager: Mounting plugin RuntimePhysXCooking
LogPluginManager: Mounting plugin SteamVR
LogPluginManager: Mounting plugin WebMMoviePlayer
LogPluginManager: Mounting plugin WindowsMoviePlayer
LogStreaming: Display: Took  0.068s to configure plugins.
LogInit: Using libcurl 7.55.1-DEV
LogInit:  - built for x86_64-pc-win32
LogInit:  - supports SSL with OpenSSL/1.0.2h
LogInit:  - supports HTTP deflate (compression) using libz 1.2.8
LogInit:  - other features:
LogInit:      CURL_VERSION_SSL
LogInit:      CURL_VERSION_LIBZ
LogInit:      CURL_VERSION_IPV6
LogInit:      CURL_VERSION_ASYNCHDNS
LogInit:      CURL_VERSION_LARGEFILE
LogInit:      CURL_VERSION_IDN
LogInit:  CurlRequestOptions (configurable via config and command line):
LogInit:  - bVerifyPeer = true  - Libcurl will verify peer certificate
LogInit:  - bUseHttpProxy = false  - Libcurl will NOT use HTTP proxy
LogInit:  - bDontReuseConnections = false  - Libcurl will reuse connections
LogInit:  - MaxHostConnections = 16  - Libcurl will limit the number of connections to a host
LogInit:  - LocalHostAddr = Default
LogInit:  - BufferSize = 65536
LogInit: WinSock: version 1.1 (2.2), MaxSocks=32767, MaxUdp=65467
LogInit: Build: ++UE4+Release-4.21-CL-4613538
LogInit: Engine Version: 4.21.1-4613538+++UE4+Release-4.21
LogInit: Compatible Engine Version: 4.21.0-4541578+++UE4+Release-4.21
LogInit: Net CL: 4541578
LogInit: OS: Windows 10 (), CPU: Intel(R) Core(TM) i7-8550U CPU @ 1.80GHz, GPU: Intel(R) UHD Graphics 620
LogInit: Compiled (64-bit): Nov 30 2018 04:13:25
LogInit: Compiled with Visual C++: 19.13.26129.00
LogInit: Build Configuration: Development
LogInit: Branch Name: ++UE4+Release-4.21
LogInit: Command Line:  -EpicPortal -epicusername="Chibi RoggianX" -epicuserid=108a12e1a5174fa8b67155c101cfb894 -epiclocale=en-US
LogInit: Base Directory: C:/Program Files/Epic Games/UE_4.21/Engine/Binaries/Win64/
LogInit: Installed Engine Build: 1
LogDevObjectVersion: Number of dev versions registered: 22
LogDevObjectVersion:   Dev-Blueprints (B0D832E4-1F89-4F0D-ACCF-7EB736FD4AA2): 10
LogDevObjectVersion:   Dev-Build (E1C64328-A22C-4D53-A36C-8E866417BD8C): 0
LogDevObjectVersion:   Dev-Core (375EC13C-06E4-48FB-B500-84F0262A717E): 2
LogDevObjectVersion:   Dev-Editor (E4B068ED-F494-42E9-A231-DA0B2E46BB41): 26
LogDevObjectVersion:   Dev-Framework (CFFC743F-43B0-4480-9391-14DF171D2073): 34
LogDevObjectVersion:   Dev-Mobile (B02B49B5-BB20-44E9-A304-32B752E40360): 2
LogDevObjectVersion:   Dev-Networking (A4E4105C-59A1-49B5-A7C5-40C4547EDFEE): 0
LogDevObjectVersion:   Dev-Online (39C831C9-5AE6-47DC-9A44-9C173E1C8E7C): 0
LogDevObjectVersion:   Dev-Physics (78F01B33-EBEA-4F98-B9B4-84EACCB95AA2): 0
LogDevObjectVersion:   Dev-Platform (6631380F-2D4D-43E0-8009-CF276956A95A): 0
LogDevObjectVersion:   Dev-Rendering (12F88B9F-8875-4AFC-A67C-D90C383ABD29): 27
LogDevObjectVersion:   Dev-Sequencer (7B5AE74C-D270-4C10-A958-57980B212A5A): 9
LogDevObjectVersion:   Dev-VR (D7296918-1DD6-4BDD-9DE2-64A83CC13884): 2
LogDevObjectVersion:   Dev-LoadTimes (C2A15278-BFE7-4AFE-6C17-90FF531DF755): 1
LogDevObjectVersion:   Private-Geometry (6EACA3D4-40EC-4CC1-B786-8BED09428FC5): 3
LogDevObjectVersion:   Dev-AnimPhys (29E575DD-E0A3-4627-9D10-D276232CDCEA): 17
LogDevObjectVersion:   Dev-Anim (AF43A65D-7FD3-4947-9873-3E8ED9C1BB05): 2
LogDevObjectVersion:   Dev-ReflectionCapture (6B266CEC-1EC7-4B8F-A30B-E4D90942FC07): 1
LogDevObjectVersion:   Dev-Automation (0DF73D61-A23F-47EA-B727-89E90C41499A): 1
LogDevObjectVersion:   FortniteMain (601D1886-AC64-4F84-AA16-D3DE0DEAC7D6): 17
LogDevObjectVersion:   Dev-Enterprise (9DFFBCD6-494F-0158-E221-12823C92A888): 4
LogDevObjectVersion:   Dev-Niagara (F2AED0AC-9AFE-416F-8664-AA7FFA26D6FC): 1
LogStreaming: Display: Took  0.000s to delete old logs.
LogInit: Presizing for max 8388607 objects, including 0 objects not considered by GC, pre-allocating 0 bytes for permanent pool.
LogInit: Object subsystem initialized
LogConfig: Setting CVar [[con.DebugEarlyDefault:1]]
LogConfig: Setting CVar [[r.setres:1280x720]]
[2019.01.01-20.00.12:008][  0]LogConfig: Setting CVar [[r.VSync:0]]
[2019.01.01-20.00.12:008][  0]LogConfig: Setting CVar [[r.RHICmdBypass:0]]
[2019.01.01-20.00.12:008][  0]LogConfig: Applying CVar settings from Section [/Script/Engine.RendererSettings] File [C:/Users/Chibi RoggianX/Documents/Unreal Projects/CPSC471FinalProject/Saved/Config/Windows/Engine.ini]
[2019.01.01-20.00.12:008][  0]LogConfig: Setting CVar [[r.GPUCrashDebugging:0]]
[2019.01.01-20.00.12:008][  0]LogConfig: Applying CVar settings from Section [/Script/Engine.RendererOverrideSettings] File [C:/Users/Chibi RoggianX/Documents/Unreal Projects/CPSC471FinalProject/Saved/Config/Windows/Engine.ini]
[2019.01.01-20.00.12:008][  0]LogConfig: Applying CVar settings from Section [/Script/Engine.StreamingSettings] File [C:/Users/Chibi RoggianX/Documents/Unreal Projects/CPSC471FinalProject/Saved/Config/Windows/Engine.ini]
[2019.01.01-20.00.12:008][  0]LogConfig: Setting CVar [[s.MinBulkDataSizeForAsyncLoading:131072]]
[2019.01.01-20.00.12:008][  0]LogConfig: Setting CVar [[s.AsyncLoadingThreadEnabled:0]]
[2019.01.01-20.00.12:008][  0]LogConfig: Setting CVar [[s.EventDrivenLoaderEnabled:1]]
[2019.01.01-20.00.12:008][  0]LogConfig: Setting CVar [[s.WarnIfTimeLimitExceeded:0]]
[2019.01.01-20.00.12:008][  0]LogConfig: Setting CVar [[s.TimeLimitExceededMultiplier:1.5]]
[2019.01.01-20.00.12:008][  0]LogConfig: Setting CVar [[s.TimeLimitExceededMinTime:0.005]]
[2019.01.01-20.00.12:008][  0]LogConfig: Setting CVar [[s.UseBackgroundLevelStreaming:1]]
[2019.01.01-20.00.12:008][  0]LogConfig: Setting CVar [[s.PriorityAsyncLoadingExtraTime:15.0]]
[2019.01.01-20.00.12:008][  0]LogConfig: Setting CVar [[s.LevelStreamingActorsUpdateTimeLimit:5.0]]
[2019.01.01-20.00.12:008][  0]LogConfig: Setting CVar [[s.PriorityLevelStreamingActorsUpdateExtraTime:5.0]]
[2019.01.01-20.00.12:008][  0]LogConfig: Setting CVar [[s.LevelStreamingComponentsRegistrationGranularity:10]]
[2019.01.01-20.00.12:008][  0]LogConfig: Setting CVar [[s.UnregisterComponentsTimeLimit:1.0]]
[2019.01.01-20.00.12:008][  0]LogConfig: Setting CVar [[s.LevelStreamingComponentsUnregistrationGranularity:5]]
[2019.01.01-20.00.12:008][  0]LogConfig: Applying CVar settings from Section [/Script/Engine.GarbageCollectionSettings] File [C:/Users/Chibi RoggianX/Documents/Unreal Projects/CPSC471FinalProject/Saved/Config/Windows/Engine.ini]
[2019.01.01-20.00.12:008][  0]LogConfig: Setting CVar [[gc.MaxObjectsNotConsideredByGC:1]]
[2019.01.01-20.00.12:008][  0]LogConfig: Setting CVar [[gc.SizeOfPermanentObjectPool:0]]
[2019.01.01-20.00.12:008][  0]LogConfig: Setting CVar [[gc.FlushStreamingOnGC:0]]
[2019.01.01-20.00.12:008][  0]LogConfig: Setting CVar [[gc.NumRetriesBeforeForcingGC:10]]
[2019.01.01-20.00.12:008][  0]LogConfig: Setting CVar [[gc.AllowParallelGC:1]]
[2019.01.01-20.00.12:008][  0]LogConfig: Setting CVar [[gc.TimeBetweenPurgingPendingKillObjects:61.1]]
[2019.01.01-20.00.12:008][  0]LogConfig: Setting CVar [[gc.MaxObjectsInEditor:8388607]]
[2019.01.01-20.00.12:008][  0]LogConfig: Setting CVar [[gc.IncrementalBeginDestroyEnabled:1]]
[2019.01.01-20.00.12:008][  0]LogConfig: Setting CVar [[gc.CreateGCClusters:1]]
[2019.01.01-20.00.12:008][  0]LogConfig: Setting CVar [[gc.MergeGCClusters:0]]
[2019.01.01-20.00.12:008][  0]LogConfig: Setting CVar [[gc.MinGCClusterSize:5]]
[2019.01.01-20.00.12:008][  0]LogConfig: Setting CVar [[gc.ActorClusteringEnabled:0]]
[2019.01.01-20.00.12:008][  0]LogConfig: Setting CVar [[gc.BlueprintClusteringEnabled:0]]
[2019.01.01-20.00.12:008][  0]LogConfig: Setting CVar [[gc.UseDisregardForGCOnDedicatedServers:0]]
[2019.01.01-20.00.12:008][  0]LogConfig: Applying CVar settings from Section [/Script/Engine.NetworkSettings] File [C:/Users/Chibi RoggianX/Documents/Unreal Projects/CPSC471FinalProject/Saved/Config/Windows/Engine.ini]
[2019.01.01-20.00.12:008][  0]LogConfig: Applying CVar settings from Section [/Script/UnrealEd.CookerSettings] File [C:/Users/Chibi RoggianX/Documents/Unreal Projects/CPSC471FinalProject/Saved/Config/Windows/Engine.ini]
[2019.01.01-20.00.12:017][  0]LogConfig: Applying CVar settings from Section [ViewDistanceQuality@3] File [C:/Users/Chibi RoggianX/Documents/Unreal Projects/CPSC471FinalProject/Saved/Config/Windows/Scalability.ini]
[2019.01.01-20.00.12:017][  0]LogConfig: Setting CVar [[r.SkeletalMeshLODBias:0]]
[2019.01.01-20.00.12:017][  0]LogConfig: Setting CVar [[r.ViewDistanceScale:1.0]]
[2019.01.01-20.00.12:017][  0]LogConfig: Applying CVar settings from Section [AntiAliasingQuality@3] File [C:/Users/Chibi RoggianX/Documents/Unreal Projects/CPSC471FinalProject/Saved/Config/Windows/Scalability.ini]
[2019.01.01-20.00.12:017][  0]LogConfig: Setting CVar [[r.PostProcessAAQuality:4]]
[2019.01.01-20.00.12:017][  0]LogConfig: Applying CVar settings from Section [ShadowQuality@3] File [C:/Users/Chibi RoggianX/Documents/Unreal Projects/CPSC471FinalProject/Saved/Config/Windows/Scalability.ini]
[2019.01.01-20.00.12:017][  0]LogConfig: Setting CVar [[r.LightFunctionQuality:1]]
[2019.01.01-20.00.12:017][  0]LogConfig: Setting CVar [[r.ShadowQuality:5]]
[2019.01.01-20.00.12:017][  0]LogConfig: Setting CVar [[r.Shadow.CSM.MaxCascades:10]]
[2019.01.01-20.00.12:017][  0]LogConfig: Setting CVar [[r.Shadow.MaxResolution:2048]]
[2019.01.01-20.00.12:017][  0]LogConfig: Setting CVar [[r.Shadow.MaxCSMResolution:2048]]
[2019.01.01-20.00.12:017][  0]LogConfig: Setting CVar [[r.Shadow.RadiusThreshold:0.01]]
[2019.01.01-20.00.12:017][  0]LogConfig: Setting CVar [[r.Shadow.DistanceScale:1.0]]
[2019.01.01-20.00.12:017][  0]LogConfig: Setting CVar [[r.Shadow.CSM.TransitionScale:1.0]]
[2019.01.01-20.00.12:017][  0]LogConfig: Setting CVar [[r.Shadow.PreShadowResolutionFactor:1.0]]
[2019.01.01-20.00.12:017][  0]LogConfig: Setting CVar [[r.DistanceFieldShadowing:1]]
[2019.01.01-20.00.12:017][  0]LogConfig: Setting CVar [[r.DistanceFieldAO:1]]
[2019.01.01-20.00.12:017][  0]LogConfig: Setting CVar [[r.AOQuality:2]]
[2019.01.01-20.00.12:017][  0]LogConfig: Setting CVar [[r.VolumetricFog:1]]
[2019.01.01-20.00.12:017][  0]LogConfig: Setting CVar [[r.VolumetricFog.GridPixelSize:8]]
[2019.01.01-20.00.12:017][  0]LogConfig: Setting CVar [[r.VolumetricFog.GridSizeZ:128]]
[2019.01.01-20.00.12:017][  0]LogConfig: Setting CVar [[r.VolumetricFog.HistoryMissSupersampleCount:4]]
[2019.01.01-20.00.12:017][  0]LogConfig: Setting CVar [[r.LightMaxDrawDistanceScale:1]]
[2019.01.01-20.00.12:017][  0]LogConfig: Setting CVar [[r.CapsuleShadows:1]]
[2019.01.01-20.00.12:017][  0]LogConfig: Applying CVar settings from Section [PostProcessQuality@3] File [C:/Users/Chibi RoggianX/Documents/Unreal Projects/CPSC471FinalProject/Saved/Config/Windows/Scalability.ini]
[2019.01.01-20.00.12:017][  0]LogConfig: Setting CVar [[r.MotionBlurQuality:4]]
[2019.01.01-20.00.12:017][  0]LogConfig: Setting CVar [[r.AmbientOcclusionMipLevelFactor:0.4]]
[2019.01.01-20.00.12:018][  0]LogConfig: Setting CVar [[r.AmbientOcclusionMaxQuality:100]]
[2019.01.01-20.00.12:018][  0]LogConfig: Setting CVar [[r.AmbientOcclusionLevels:-1]]
[2019.01.01-20.00.12:018][  0]LogConfig: Setting CVar [[r.AmbientOcclusionRadiusScale:1.0]]
[2019.01.01-20.00.12:018][  0]LogConfig: Setting CVar [[r.DepthOfFieldQuality:2]]
[2019.01.01-20.00.12:018][  0]LogConfig: Setting CVar [[r.RenderTargetPoolMin:400]]
[2019.01.01-20.00.12:018][  0]LogConfig: Setting CVar [[r.LensFlareQuality:2]]
[2019.01.01-20.00.12:018][  0]LogConfig: Setting CVar [[r.SceneColorFringeQuality:1]]
[2019.01.01-20.00.12:018][  0]LogConfig: Setting CVar [[r.EyeAdaptationQuality:2]]
[2019.01.01-20.00.12:018][  0]LogConfig: Setting CVar [[r.BloomQuality:5]]
[2019.01.01-20.00.12:018][  0]LogConfig: Setting CVar [[r.FastBlurThreshold:100]]
[2019.01.01-20.00.12:018][  0]LogConfig: Setting CVar [[r.Upscale.Quality:3]]
[2019.01.01-20.00.12:018][  0]LogConfig: Setting CVar [[r.Tonemapper.GrainQuantization:1]]
[2019.01.01-20.00.12:018][  0]LogConfig: Setting CVar [[r.LightShaftQuality:1]]
[2019.01.01-20.00.12:018][  0]LogConfig: Setting CVar [[r.Filter.SizeScale:1]]
[2019.01.01-20.00.12:018][  0]LogConfig: Setting CVar [[r.Tonemapper.Quality:5]]
[2019.01.01-20.00.12:018][  0]LogConfig: Setting CVar [[r.DOF.Gather.AccumulatorQuality:1        ; higher gathering accumulator quality]]
[2019.01.01-20.00.12:018][  0]LogConfig: Setting CVar [[r.DOF.Gather.PostfilterMethod:1          ; Median3x3 postfilering method]]
[2019.01.01-20.00.12:018][  0]LogConfig: Setting CVar [[r.DOF.Gather.EnableBokehSettings:0       ; no bokeh simulation when gathering]]
[2019.01.01-20.00.12:018][  0]LogConfig: Setting CVar [[r.DOF.Gather.RingCount:4                 ; medium number of samples when gathering]]
[2019.01.01-20.00.12:018][  0]LogConfig: Setting CVar [[r.DOF.Scatter.ForegroundCompositing:1    ; additive foreground scattering]]
[2019.01.01-20.00.12:018][  0]LogConfig: Setting CVar [[r.DOF.Scatter.BackgroundCompositing:2    ; additive background scattering]]
[2019.01.01-20.00.12:018][  0]LogConfig: Setting CVar [[r.DOF.Scatter.EnableBokehSettings:1      ; bokeh simulation when scattering]]
[2019.01.01-20.00.12:018][  0]LogConfig: Setting CVar [[r.DOF.Scatter.MaxSpriteRatio:0.1         ; only a maximum of 10% of scattered bokeh]]
[2019.01.01-20.00.12:018][  0]LogConfig: Setting CVar [[r.DOF.Recombine.Quality:1                ; cheap slight out of focus]]
[2019.01.01-20.00.12:018][  0]LogConfig: Setting CVar [[r.DOF.Recombine.EnableBokehSettings:0    ; no bokeh simulation on slight out of focus]]
[2019.01.01-20.00.12:018][  0]LogConfig: Setting CVar [[r.DOF.TemporalAAQuality:1                ; more stable temporal accumulation]]
[2019.01.01-20.00.12:018][  0]LogConfig: Setting CVar [[r.DOF.Kernel.MaxForegroundRadius:0.025]]
[2019.01.01-20.00.12:018][  0]LogConfig: Setting CVar [[r.DOF.Kernel.MaxBackgroundRadius:0.025]]
[2019.01.01-20.00.12:018][  0]LogConfig: Applying CVar settings from Section [TextureQuality@3] File [C:/Users/Chibi RoggianX/Documents/Unreal Projects/CPSC471FinalProject/Saved/Config/Windows/Scalability.ini]
[2019.01.01-20.00.12:018][  0]LogConfig: Setting CVar [[r.Streaming.MipBias:0]]
[2019.01.01-20.00.12:018][  0]LogConfig: Setting CVar [[r.Streaming.AmortizeCPUToGPUCopy:0]]
[2019.01.01-20.00.12:018][  0]LogConfig: Setting CVar [[r.Streaming.MaxNumTexturesToStreamPerFrame:0]]
[2019.01.01-20.00.12:018][  0]LogConfig: Setting CVar [[r.Streaming.Boost:1]]
[2019.01.01-20.00.12:018][  0]LogConfig: Setting CVar [[r.MaxAnisotropy:8]]
[2019.01.01-20.00.12:018][  0]LogConfig: Setting CVar [[r.Streaming.LimitPoolSizeToVRAM:0]]
[2019.01.01-20.00.12:018][  0]LogConfig: Setting CVar [[r.Streaming.PoolSize:1000]]
[2019.01.01-20.00.12:018][  0]LogConfig: Setting CVar [[r.Streaming.MaxEffectiveScreenSize:0]]
[2019.01.01-20.00.12:018][  0]LogConfig: Applying CVar settings from Section [EffectsQuality@3] File [C:/Users/Chibi RoggianX/Documents/Unreal Projects/CPSC471FinalProject/Saved/Config/Windows/Scalability.ini]
[2019.01.01-20.00.12:018][  0]LogConfig: Setting CVar [[r.TranslucencyLightingVolumeDim:64]]
[2019.01.01-20.00.12:018][  0]LogConfig: Setting CVar [[r.RefractionQuality:2]]
[2019.01.01-20.00.12:018][  0]LogConfig: Setting CVar [[r.SSR.Quality:3]]
[2019.01.01-20.00.12:018][  0]LogConfig: Setting CVar [[r.SceneColorFormat:4]]
[2019.01.01-20.00.12:018][  0]LogConfig: Setting CVar [[r.DetailMode:2]]
[2019.01.01-20.00.12:018][  0]LogConfig: Setting CVar [[r.TranslucencyVolumeBlur:1]]
[2019.01.01-20.00.12:018][  0]LogConfig: Setting CVar [[r.MaterialQualityLevel:1 ; High quality]]
[2019.01.01-20.00.12:018][  0]LogConfig: Setting CVar [[r.SSS.Scale:1]]
[2019.01.01-20.00.12:018][  0]LogConfig: Setting CVar [[r.SSS.SampleSet:2]]
[2019.01.01-20.00.12:018][  0]LogConfig: Setting CVar [[r.SSS.Quality:1]]
[2019.01.01-20.00.12:018][  0]LogConfig: Setting CVar [[r.SSS.HalfRes:1]]
[2019.01.01-20.00.12:018][  0]LogConfig: Setting CVar [[r.EmitterSpawnRateScale:1.0]]
[2019.01.01-20.00.12:018][  0]LogConfig: Setting CVar [[r.ParticleLightQuality:2]]
[2019.01.01-20.00.12:018][  0]LogConfig: Applying CVar settings from Section [FoliageQuality@3] File [C:/Users/Chibi RoggianX/Documents/Unreal Projects/CPSC471FinalProject/Saved/Config/Windows/Scalability.ini]
[2019.01.01-20.00.12:018][  0]LogConfig: Setting CVar [[foliage.DensityScale:1.0]]
[2019.01.01-20.00.12:018][  0]LogConfig: Setting CVar [[grass.DensityScale:1.0]]
[2019.01.01-20.00.12:018][  0]LogInit: Selected Device Profile: [Windows]
[2019.01.01-20.00.12:018][  0]LogInit: Applying CVar settings loaded from the selected device profile: [Windows]
[2019.01.01-20.00.12:039][  0]LogHAL: Display: Platform has ~ 16 GB [17056739328 / 17179869184 / 16], which maps to Larger [LargestMinGB=32, LargerMinGB=12, DefaultMinGB=8, SmallerMinGB=6, SmallestMinGB=0)
[2019.01.01-20.00.12:039][  0]LogConfig: Setting CVar [[r.Vulkan.UseRealUBs:1]]
[2019.01.01-20.00.12:039][  0]LogInit: Going up to parent DeviceProfile []
[2019.01.01-20.00.12:039][  0]LogConfig: Applying CVar settings from Section [ViewDistanceQuality@3] File [C:/Users/Chibi RoggianX/Documents/Unreal Projects/CPSC471FinalProject/Saved/Config/Windows/Scalability.ini]
[2019.01.01-20.00.12:039][  0]LogConfig: Setting CVar [[r.SkeletalMeshLODBias:0]]
[2019.01.01-20.00.12:039][  0]LogConfig: Setting CVar [[r.ViewDistanceScale:1.0]]
[2019.01.01-20.00.12:039][  0]LogConfig: Applying CVar settings from Section [AntiAliasingQuality@3] File [C:/Users/Chibi RoggianX/Documents/Unreal Projects/CPSC471FinalProject/Saved/Config/Windows/Scalability.ini]
[2019.01.01-20.00.12:039][  0]LogConfig: Setting CVar [[r.PostProcessAAQuality:4]]
[2019.01.01-20.00.12:039][  0]LogConfig: Applying CVar settings from Section [ShadowQuality@3] File [C:/Users/Chibi RoggianX/Documents/Unreal Projects/CPSC471FinalProject/Saved/Config/Windows/Scalability.ini]
[2019.01.01-20.00.12:039][  0]LogConfig: Setting CVar [[r.LightFunctionQuality:1]]
[2019.01.01-20.00.12:039][  0]LogConfig: Setting CVar [[r.ShadowQuality:5]]
[2019.01.01-20.00.12:040][  0]LogConfig: Setting CVar [[r.Shadow.CSM.MaxCascades:10]]
[2019.01.01-20.00.12:040][  0]LogConfig: Setting CVar [[r.Shadow.MaxResolution:2048]]
[2019.01.01-20.00.12:040][  0]LogConfig: Setting CVar [[r.Shadow.MaxCSMResolution:2048]]
[2019.01.01-20.00.12:040][  0]LogConfig: Setting CVar [[r.Shadow.RadiusThreshold:0.01]]
[2019.01.01-20.00.12:040][  0]LogConfig: Setting CVar [[r.Shadow.DistanceScale:1.0]]
[2019.01.01-20.00.12:040][  0]LogConfig: Setting CVar [[r.Shadow.CSM.TransitionScale:1.0]]
[2019.01.01-20.00.12:040][  0]LogConfig: Setting CVar [[r.Shadow.PreShadowResolutionFactor:1.0]]
[2019.01.01-20.00.12:040][  0]LogConfig: Setting CVar [[r.DistanceFieldShadowing:1]]
[2019.01.01-20.00.12:040][  0]LogConfig: Setting CVar [[r.DistanceFieldAO:1]]
[2019.01.01-20.00.12:040][  0]LogConfig: Setting CVar [[r.AOQuality:2]]
[2019.01.01-20.00.12:040][  0]LogConfig: Setting CVar [[r.VolumetricFog:1]]
[2019.01.01-20.00.12:040][  0]LogConfig: Setting CVar [[r.VolumetricFog.GridPixelSize:8]]
[2019.01.01-20.00.12:040][  0]LogConfig: Setting CVar [[r.VolumetricFog.GridSizeZ:128]]
[2019.01.01-20.00.12:040][  0]LogConfig: Setting CVar [[r.VolumetricFog.HistoryMissSupersampleCount:4]]
[2019.01.01-20.00.12:040][  0]LogConfig: Setting CVar [[r.LightMaxDrawDistanceScale:1]]
[2019.01.01-20.00.12:040][  0]LogConfig: Setting CVar [[r.CapsuleShadows:1]]
[2019.01.01-20.00.12:040][  0]LogConfig: Applying CVar settings from Section [PostProcessQuality@3] File [C:/Users/Chibi RoggianX/Documents/Unreal Projects/CPSC471FinalProject/Saved/Config/Windows/Scalability.ini]
[2019.01.01-20.00.12:040][  0]LogConfig: Setting CVar [[r.MotionBlurQuality:4]]
[2019.01.01-20.00.12:040][  0]LogConfig: Setting CVar [[r.AmbientOcclusionMipLevelFactor:0.4]]
[2019.01.01-20.00.12:040][  0]LogConfig: Setting CVar [[r.AmbientOcclusionMaxQuality:100]]
[2019.01.01-20.00.12:040][  0]LogConfig: Setting CVar [[r.AmbientOcclusionLevels:-1]]
[2019.01.01-20.00.12:040][  0]LogConfig: Setting CVar [[r.AmbientOcclusionRadiusScale:1.0]]
[2019.01.01-20.00.12:040][  0]LogConfig: Setting CVar [[r.DepthOfFieldQuality:2]]
[2019.01.01-20.00.12:040][  0]LogConfig: Setting CVar [[r.RenderTargetPoolMin:400]]
[2019.01.01-20.00.12:040][  0]LogConfig: Setting CVar [[r.LensFlareQuality:2]]
[2019.01.01-20.00.12:040][  0]LogConfig: Setting CVar [[r.SceneColorFringeQuality:1]]
[2019.01.01-20.00.12:040][  0]LogConfig: Setting CVar [[r.EyeAdaptationQuality:2]]
[2019.01.01-20.00.12:040][  0]LogConfig: Setting CVar [[r.BloomQuality:5]]
[2019.01.01-20.00.12:040][  0]LogConfig: Setting CVar [[r.FastBlurThreshold:100]]
[2019.01.01-20.00.12:040][  0]LogConfig: Setting CVar [[r.Upscale.Quality:3]]
[2019.01.01-20.00.12:040][  0]LogConfig: Setting CVar [[r.Tonemapper.GrainQuantization:1]]
[2019.01.01-20.00.12:040][  0]LogConfig: Setting CVar [[r.LightShaftQuality:1]]
[2019.01.01-20.00.12:040][  0]LogConfig: Setting CVar [[r.Filter.SizeScale:1]]
[2019.01.01-20.00.12:040][  0]LogConfig: Setting CVar [[r.Tonemapper.Quality:5]]
[2019.01.01-20.00.12:040][  0]LogConfig: Setting CVar [[r.DOF.Gather.AccumulatorQuality:1        ; higher gathering accumulator quality]]
[2019.01.01-20.00.12:040][  0]LogConfig: Setting CVar [[r.DOF.Gather.PostfilterMethod:1          ; Median3x3 postfilering method]]
[2019.01.01-20.00.12:040][  0]LogConfig: Setting CVar [[r.DOF.Gather.EnableBokehSettings:0       ; no bokeh simulation when gathering]]
[2019.01.01-20.00.12:040][  0]LogConfig: Setting CVar [[r.DOF.Gather.RingCount:4                 ; medium number of samples when gathering]]
[2019.01.01-20.00.12:040][  0]LogConfig: Setting CVar [[r.DOF.Scatter.ForegroundCompositing:1    ; additive foreground scattering]]
[2019.01.01-20.00.12:040][  0]LogConfig: Setting CVar [[r.DOF.Scatter.BackgroundCompositing:2    ; additive background scattering]]
[2019.01.01-20.00.12:040][  0]LogConfig: Setting CVar [[r.DOF.Scatter.EnableBokehSettings:1      ; bokeh simulation when scattering]]
[2019.01.01-20.00.12:040][  0]LogConfig: Setting CVar [[r.DOF.Scatter.MaxSpriteRatio:0.1         ; only a maximum of 10% of scattered bokeh]]
[2019.01.01-20.00.12:040][  0]LogConfig: Setting CVar [[r.DOF.Recombine.Quality:1                ; cheap slight out of focus]]
[2019.01.01-20.00.12:040][  0]LogConfig: Setting CVar [[r.DOF.Recombine.EnableBokehSettings:0    ; no bokeh simulation on slight out of focus]]
[2019.01.01-20.00.12:040][  0]LogConfig: Setting CVar [[r.DOF.TemporalAAQuality:1                ; more stable temporal accumulation]]
[2019.01.01-20.00.12:040][  0]LogConfig: Setting CVar [[r.DOF.Kernel.MaxForegroundRadius:0.025]]
[2019.01.01-20.00.12:040][  0]LogConfig: Setting CVar [[r.DOF.Kernel.MaxBackgroundRadius:0.025]]
[2019.01.01-20.00.12:040][  0]LogConfig: Applying CVar settings from Section [TextureQuality@3] File [C:/Users/Chibi RoggianX/Documents/Unreal Projects/CPSC471FinalProject/Saved/Config/Windows/Scalability.ini]
[2019.01.01-20.00.12:040][  0]LogConfig: Setting CVar [[r.Streaming.MipBias:0]]
[2019.01.01-20.00.12:040][  0]LogConfig: Setting CVar [[r.Streaming.AmortizeCPUToGPUCopy:0]]
[2019.01.01-20.00.12:040][  0]LogConfig: Setting CVar [[r.Streaming.MaxNumTexturesToStreamPerFrame:0]]
[2019.01.01-20.00.12:040][  0]LogConfig: Setting CVar [[r.Streaming.Boost:1]]
[2019.01.01-20.00.12:040][  0]LogConfig: Setting CVar [[r.MaxAnisotropy:8]]
[2019.01.01-20.00.12:040][  0]LogConfig: Setting CVar [[r.Streaming.LimitPoolSizeToVRAM:0]]
[2019.01.01-20.00.12:040][  0]LogConfig: Setting CVar [[r.Streaming.PoolSize:1000]]
[2019.01.01-20.00.12:040][  0]LogConfig: Setting CVar [[r.Streaming.MaxEffectiveScreenSize:0]]
[2019.01.01-20.00.12:040][  0]LogConfig: Applying CVar settings from Section [EffectsQuality@3] File [C:/Users/Chibi RoggianX/Documents/Unreal Projects/CPSC471FinalProject/Saved/Config/Windows/Scalability.ini]
[2019.01.01-20.00.12:040][  0]LogConfig: Setting CVar [[r.TranslucencyLightingVolumeDim:64]]
[2019.01.01-20.00.12:040][  0]LogConfig: Setting CVar [[r.RefractionQuality:2]]
[2019.01.01-20.00.12:040][  0]LogConfig: Setting CVar [[r.SSR.Quality:3]]
[2019.01.01-20.00.12:040][  0]LogConfig: Setting CVar [[r.SceneColorFormat:4]]
[2019.01.01-20.00.12:040][  0]LogConfig: Setting CVar [[r.DetailMode:2]]
[2019.01.01-20.00.12:040][  0]LogConfig: Setting CVar [[r.TranslucencyVolumeBlur:1]]
[2019.01.01-20.00.12:040][  0]LogConfig: Setting CVar [[r.MaterialQualityLevel:1 ; High quality]]
[2019.01.01-20.00.12:040][  0]LogConfig: Setting CVar [[r.SSS.Scale:1]]
[2019.01.01-20.00.12:040][  0]LogConfig: Setting CVar [[r.SSS.SampleSet:2]]
[2019.01.01-20.00.12:040][  0]LogConfig: Setting CVar [[r.SSS.Quality:1]]
[2019.01.01-20.00.12:040][  0]LogConfig: Setting CVar [[r.SSS.HalfRes:1]]
[2019.01.01-20.00.12:040][  0]LogConfig: Setting CVar [[r.EmitterSpawnRateScale:1.0]]
[2019.01.01-20.00.12:040][  0]LogConfig: Setting CVar [[r.ParticleLightQuality:2]]
[2019.01.01-20.00.12:040][  0]LogConfig: Applying CVar settings from Section [FoliageQuality@3] File [C:/Users/Chibi RoggianX/Documents/Unreal Projects/CPSC471FinalProject/Saved/Config/Windows/Scalability.ini]
[2019.01.01-20.00.12:040][  0]LogConfig: Setting CVar [[foliage.DensityScale:1.0]]
[2019.01.01-20.00.12:040][  0]LogConfig: Setting CVar [[grass.DensityScale:1.0]]
[2019.01.01-20.00.12:040][  0]LogConfig: Applying CVar settings from Section [Startup] File [../../../Engine/Config/ConsoleVariables.ini]
[2019.01.01-20.00.12:040][  0]LogConfig: Setting CVar [[net.UseAdaptiveNetUpdateFrequency:0]]
[2019.01.01-20.00.12:040][  0]LogConfig: Applying CVar settings from Section [ConsoleVariables] File [C:/Users/Chibi RoggianX/Documents/Unreal Projects/CPSC471FinalProject/Saved/Config/Windows/Engine.ini]
[2019.01.01-20.00.12:040][  0]LogInit: Computer: DESKTOP-B17T77N
[2019.01.01-20.00.12:040][  0]LogInit: User: ChibiRoggianX
[2019.01.01-20.00.12:040][  0]LogInit: CPU Page size=4096, Cores=4
[2019.01.01-20.00.12:040][  0]LogInit: High frequency timer resolution =1.945315 MHz
[2019.01.01-20.00.12:041][  0]LogMemory: Memory total: Physical=15.9GB (16GB approx)
[2019.01.01-20.00.12:041][  0]LogMemory: Platform Memory Stats for Windows
[2019.01.01-20.00.12:041][  0]LogMemory: Process Physical Memory: 102.77 MB used, 102.77 MB peak
[2019.01.01-20.00.12:041][  0]LogMemory: Process Virtual Memory: 89.65 MB used, 89.65 MB peak
[2019.01.01-20.00.12:041][  0]LogMemory: Physical Memory: 4805.57 MB used,  11461.01 MB free, 16266.57 MB total
[2019.01.01-20.00.12:041][  0]LogMemory: Virtual Memory: 516.89 MB used,  134217208.00 MB free, 134217728.00 MB total
[2019.01.01-20.00.12:051][  0]LogInit: Using OS detected language (en-US).
[2019.01.01-20.00.12:051][  0]LogInit: Using OS detected locale (en-US).
[2019.01.01-20.00.12:051][  0]LogTextLocalizationManager: No specific localization for 'en-US' exists, so the 'en' localization will be used.
[2019.01.01-20.00.12:394][  0]LogStreaming: Display: Took  0.343s to InitEngineTextLocalization.
[2019.01.01-20.00.12:394][  0]LogInit: Setting process to per monitor DPI aware
[2019.01.01-20.00.12:423][  0]LogSlate: New Slate User Created.  User Index 0, Is Virtual User: 0
[2019.01.01-20.00.12:423][  0]LogSlate: Slate User Registered.  User Index 0, Is Virtual User: 0
[2019.01.01-20.00.12:571][  0]LogHMD: Failed to initialize OpenVR with code 110
[2019.01.01-20.00.12:572][  0]LogD3D11RHI: D3D11 adapters:
[2019.01.01-20.00.12:606][  0]LogD3D11RHI:    0. 'Intel(R) UHD Graphics 620' (Feature Level 11_0)
[2019.01.01-20.00.12:606][  0]LogD3D11RHI:       128/0/8133 MB DedicatedVideo/DedicatedSystem/SharedSystem, Outputs:2, VendorId:0x8086
[2019.01.01-20.00.12:607][  0]LogD3D11RHI:    1. 'Microsoft Basic Render Driver' (Feature Level 11_0)
[2019.01.01-20.00.12:607][  0]LogD3D11RHI:       0/0/8133 MB DedicatedVideo/DedicatedSystem/SharedSystem, Outputs:0, VendorId:0x1414
[2019.01.01-20.00.12:607][  0]LogD3D11RHI: Chosen D3D11 Adapter: 0
[2019.01.01-20.00.12:611][  0]LogD3D11RHI: Creating new Direct3DDevice
[2019.01.01-20.00.12:611][  0]LogD3D11RHI:     GPU DeviceId: 0x5917 (for the marketing name, search the web for "GPU Device Id")
[2019.01.01-20.00.12:611][  0]LogWindows: EnumDisplayDevices:
[2019.01.01-20.00.12:612][  0]LogWindows:    0. 'Intel(R) UHD Graphics 620' (P:1 D:1)
[2019.01.01-20.00.12:612][  0]LogWindows:    1. 'Intel(R) UHD Graphics 620' (P:0 D:1)
[2019.01.01-20.00.12:612][  0]LogWindows:    2. 'Intel(R) UHD Graphics 620' (P:0 D:0)
[2019.01.01-20.00.12:612][  0]LogWindows: DebugString: FoundDriverCount:3 
[2019.01.01-20.00.12:612][  0]LogD3D11RHI:     Adapter Name: Intel(R) UHD Graphics 620
[2019.01.01-20.00.12:612][  0]LogD3D11RHI:   Driver Version: 23.20.16.4973 (internal:23.20.16.4973, unified:23.20.16.4973)
[2019.01.01-20.00.12:612][  0]LogD3D11RHI:      Driver Date: 2-28-2018
[2019.01.01-20.00.12:612][  0]LogRHI: Texture pool is 1523 MB (70% of 2176 MB)
[2019.01.01-20.00.12:653][  0]LogD3D11RHI: [IntelMetricsDiscovery] Started
[2019.01.01-20.00.12:653][  0]LogD3D11RHI: Async texture creation enabled
[2019.01.01-20.00.12:657][  0]LogD3D11RHI: GPU Timing Frequency: 12.000048 (Debug: 2 0)
[2019.01.01-20.00.12:943][  0]LogTemp: Display: Loaded TP AllDesktopTargetPlatform
[2019.01.01-20.00.12:955][  0]LogTemp: Display: Loaded TP MacClientTargetPlatform
[2019.01.01-20.00.12:969][  0]LogTemp: Display: Loaded TP MacNoEditorTargetPlatform
[2019.01.01-20.00.12:980][  0]LogTemp: Display: Loaded TP MacServerTargetPlatform
[2019.01.01-20.00.12:997][  0]LogTemp: Display: Loaded TP MacTargetPlatform
[2019.01.01-20.00.13:011][  0]LogTemp: Display: Loaded TP WindowsClientTargetPlatform
[2019.01.01-20.00.13:023][  0]LogTemp: Display: Loaded TP WindowsNoEditorTargetPlatform
[2019.01.01-20.00.13:038][  0]LogTemp: Display: Loaded TP WindowsServerTargetPlatform
[2019.01.01-20.00.13:044][  0]LogTemp: Display: Loaded TP WindowsTargetPlatform
[2019.01.01-20.00.13:125][  0]LogTemp: Display: Loaded TP AndroidTargetPlatform
[2019.01.01-20.00.13:125][  0]LogTemp: Display: Loaded TP AndroidTargetPlatform
[2019.01.01-20.00.13:125][  0]LogTemp: Display: Loaded TP AndroidTargetPlatform
[2019.01.01-20.00.13:125][  0]LogTemp: Display: Loaded TP AndroidTargetPlatform
[2019.01.01-20.00.13:125][  0]LogTemp: Display: Loaded TP AndroidTargetPlatform
[2019.01.01-20.00.13:125][  0]LogTemp: Display: Loaded TP AndroidTargetPlatform
[2019.01.01-20.00.13:125][  0]LogTemp: Display: Loaded TP AndroidTargetPlatform
[2019.01.01-20.00.13:125][  0]LogTemp: Display: Loaded TP AndroidTargetPlatform
[2019.01.01-20.00.13:125][  0]LogTemp: Display: Loaded TP AndroidTargetPlatform
[2019.01.01-20.00.13:125][  0]LogTemp: Display: Loaded TP AndroidTargetPlatform
[2019.01.01-20.00.13:125][  0]LogTemp: Display: Loaded TP AndroidTargetPlatform
[2019.01.01-20.00.13:125][  0]LogTemp: Display: Loaded TP AndroidTargetPlatform
[2019.01.01-20.00.13:125][  0]LogTemp: Display: Loaded TP AndroidTargetPlatform
[2019.01.01-20.00.13:125][  0]LogTemp: Display: Loaded TP AndroidTargetPlatform
[2019.01.01-20.00.13:125][  0]LogTemp: Display: Loaded TP AndroidTargetPlatform
[2019.01.01-20.00.13:125][  0]LogTemp: Display: Loaded TP AndroidTargetPlatform
[2019.01.01-20.00.13:125][  0]LogTemp: Display: Loaded TP AndroidTargetPlatform
[2019.01.01-20.00.13:125][  0]LogTemp: Display: Loaded TP AndroidTargetPlatform
[2019.01.01-20.00.13:126][  0]LogTemp: Display: Loaded TP HTML5TargetPlatform
[2019.01.01-20.00.13:185][  0]LogTemp: Display: Loaded TP IOSTargetPlatform
[2019.01.01-20.00.13:185][  0]LogTemp: Display: Loaded TP IOSTargetPlatform
[2019.01.01-20.00.13:228][  0]LogTemp: Display: Loaded TP TVOSTargetPlatform
[2019.01.01-20.00.13:228][  0]LogTemp: Display: Loaded TP TVOSTargetPlatform
[2019.01.01-20.00.13:245][  0]LogTemp: Display: Loaded TP LinuxClientTargetPlatform
[2019.01.01-20.00.13:263][  0]LogTemp: Display: Loaded TP LinuxNoEditorTargetPlatform
[2019.01.01-20.00.13:279][  0]LogTemp: Display: Loaded TP LinuxServerTargetPlatform
[2019.01.01-20.00.13:294][  0]LogTemp: Display: Loaded TP LinuxTargetPlatform
[2019.01.01-20.00.13:342][  0]LogTemp: Display: Loaded TP LuminTargetPlatform
[2019.01.01-20.00.13:342][  0]LogTemp: Display: Loaded TP LuminTargetPlatform
[2019.01.01-20.00.13:342][  0]LogTargetPlatformManager: Display: Building Assets For Windows
[2019.01.01-20.00.13:383][  0]LogShaderCompilers: Guid format shader working directory is -30 characters bigger than the processId version (../../../../../../Users/Chibi RoggianX/Documents/Unreal Projects/CPSC471FinalProject/Intermediate/Shaders/WorkingDirectory/15408/).
[2019.01.01-20.00.13:383][  0]LogShaderCompilers: Cleaned the shader compiler working directory 'C:/Users/Chibi RoggianX/AppData/Local/Temp/UnrealShaderWorkingDir/48F9446B42E8A58CEFA210A834680065/'.
[2019.01.01-20.00.13:385][  0]LogXGEController: Cannot use XGE Controller as Incredibuild is not installed on this machine.
[2019.01.01-20.00.13:385][  0]LogShaderCompilers: Cannot use XGE Shader Compiler as Incredibuild is not installed on this machine.
[2019.01.01-20.00.13:385][  0]LogShaderCompilers: Display: Using Local Shader Compiler.
[2019.01.01-20.00.13:858][  0]LogDerivedDataCache: Display: Max Cache Size: 512 MB
[2019.01.01-20.00.13:922][  0]LogDerivedDataCache: Loaded boot cache 0.06s 71MB C:/Users/Chibi RoggianX/AppData/Local/UnrealEngine/4.21/DerivedDataCache/Boot.ddc.
[2019.01.01-20.00.13:922][  0]LogDerivedDataCache: Display: Loaded Boot cache: C:/Users/Chibi RoggianX/AppData/Local/UnrealEngine/4.21/DerivedDataCache/Boot.ddc
[2019.01.01-20.00.13:922][  0]LogDerivedDataCache: FDerivedDataBackendGraph:  Pak pak cache file ../../../../../../Users/Chibi RoggianX/Documents/Unreal Projects/CPSC471FinalProject/DerivedDataCache/DDC.ddp not found, will not use a pak cache.
[2019.01.01-20.00.13:922][  0]LogDerivedDataCache: Unable to find inner node Pak for hierarchical cache Hierarchy.
[2019.01.01-20.00.13:922][  0]LogDerivedDataCache: FDerivedDataBackendGraph:  CompressedPak pak cache file ../../../../../../Users/Chibi RoggianX/Documents/Unreal Projects/CPSC471FinalProject/DerivedDataCache/Compressed.ddp not found, will not use a pak cache.
[2019.01.01-20.00.13:922][  0]LogDerivedDataCache: Unable to find inner node CompressedPak for hierarchical cache Hierarchy.
[2019.01.01-20.00.13:934][  0]LogDerivedDataCache: Display: Pak cache opened for reading ../../../Engine/DerivedDataCache/Compressed.ddp.
[2019.01.01-20.00.13:934][  0]LogDerivedDataCache: FDerivedDataBackendGraph:  EnterprisePak pak cache file ../../../Enterprise/DerivedDataCache/Compressed.ddp not found, will not use a pak cache.
[2019.01.01-20.00.13:934][  0]LogDerivedDataCache: Unable to find inner node EnterprisePak for hierarchical cache Hierarchy.
[2019.01.01-20.00.13:945][  0]LogDerivedDataCache: Using Local data cache path C:/Users/Chibi RoggianX/AppData/Local/UnrealEngine/Common/DerivedDataCache: Writable
[2019.01.01-20.00.13:945][  0]LogDerivedDataCache: Shared data cache path not found in *engine.ini, will not use an Shared cache.
[2019.01.01-20.00.13:945][  0]LogDerivedDataCache: Unable to find inner node Shared for hierarchical cache Hierarchy.
[2019.01.01-20.00.13:966][  0]LogMaterial: Verifying Global Shaders for PCD3D_SM5
[2019.01.01-20.00.13:968][  0]LogSlate: Using FreeType 2.6.0
[2019.01.01-20.00.13:968][  0]LogSlate: SlateFontServices - WITH_FREETYPE: 1, WITH_HARFBUZZ: 1
[2019.01.01-20.00.14:043][  0]LogAssetRegistry: FAssetRegistry took 0.0314 seconds to start up
[2019.01.01-20.00.14:336][  0]LogInit: Selected Device Profile: [Windows]
[2019.01.01-20.00.14:489][  0]LogSimplygon: Simplygon DLL not present - disabling.
[2019.01.01-20.00.14:491][  0]LogMeshReduction: Using SimplygonSwarm for distributed automatic mesh merging
[2019.01.01-20.00.14:491][  0]LogMeshReduction: Using ProxyLODMeshReduction for automatic mesh merging
[2019.01.01-20.00.14:491][  0]LogMeshReduction: Using QuadricMeshReduction for automatic static mesh reduction
[2019.01.01-20.00.14:491][  0]LogMeshReduction: No automatic skeletal mesh reduction module available
[2019.01.01-20.00.14:507][  0]LogNetVersion: CPSC471FinalProject 1.0.0, NetCL: 4541578, EngineNetVer: 5, GameNetVer: 0 (Checksum: 1410845280)
[2019.01.01-20.00.15:041][  0]LogPackageLocalizationCache: Processed 11 localized package path(s) for 2 prioritized culture(s) in 0.098027 seconds
[2019.01.01-20.00.15:048][  0]LogUObjectArray: 39775 objects as part of root set at end of initial load.
[2019.01.01-20.00.15:048][  0]LogUObjectAllocator: 6914664 out of 0 bytes used by permanent object pool.
[2019.01.01-20.00.15:048][  0]LogUObjectArray: CloseDisregardForGC: 0/0 objects in disregard for GC pool
[2019.01.01-20.00.15:740][  0]LogTcpMessaging: Initializing TcpMessaging bridge
[2019.01.01-20.00.15:753][  0]LogUdpMessaging: Initializing bridge on interface 0.0.0.0:0 to multicast group 230.0.0.1:6666.
[2019.01.01-20.00.16:307][  0]SourceControl: Source control is disabled
[2019.01.01-20.00.16:307][  0]SourceControl: Source control is disabled
[2019.01.01-20.00.16:308][  0]SourceControl: Source control is disabled
[2019.01.01-20.00.16:308][  0]SourceControl: Source control is disabled
[2019.01.01-20.00.16:466][  0]LogAndroidPermission: UAndroidPermissionCallbackProxy::GetInstance
[2019.01.01-20.00.16:502][  0]LogOcInput: OculusInput pre-init called
[2019.01.01-20.00.16:632][  0]LogEngine: Initializing Engine...
[2019.01.01-20.00.16:633][  0]LogHMD: Failed to initialize OpenVR with code 110
[2019.01.01-20.00.16:634][  0]LogStats: UGameplayTagsManager::ConstructGameplayTagTree: ImportINI prefixes -  0.000 s
[2019.01.01-20.00.16:634][  0]LogStats: UGameplayTagsManager::ConstructGameplayTagTree: Construct from data asset -  0.000 s
[2019.01.01-20.00.16:634][  0]LogStats: UGameplayTagsManager::ConstructGameplayTagTree: ImportINI -  0.000 s
[2019.01.01-20.00.16:634][  0]LogStats: UGameplayTagsManager::ConstructGameplayTagTree: GameplayTagTreeChangedEvent.Broadcast -  0.000 s
[2019.01.01-20.00.16:886][  0]LogInit: Initializing FReadOnlyCVARCache
[2019.01.01-20.00.16:894][  0]LogAIModule: Creating AISystem for world Untitled
[2019.01.01-20.00.16:900][  0]LogInit: XAudio2 using 'Speakers (Realtek High Definition Audio)' : 2 channels at 48 kHz using 32 bits per sample (channel mask 0x3)
[2019.01.01-20.00.16:946][  0]LogInit: FAudioDevice initialized.
[2019.01.01-20.00.16:947][  0]LogNetVersion: Set ProjectVersion to 1.0.0.0. Version Checksum will be recalculated on next use.
[2019.01.01-20.00.17:036][  0]LogDerivedDataCache: Saved boot cache 0.09s 71MB C:/Users/Chibi RoggianX/AppData/Local/UnrealEngine/4.21/DerivedDataCache/Boot.ddc.
[2019.01.01-20.00.17:046][  0]LogInit: Texture streaming: Enabled
[2019.01.01-20.00.17:059][  0]LogEngineSessionManager: EngineSessionManager initialized
[2019.01.01-20.00.17:070][  0]LogInit: Transaction tracking system initialized
[2019.01.01-20.00.17:086][  0]BlueprintLog: New page: Editor Load
[2019.01.01-20.00.17:139][  0]LocalizationService: Localization service is disabled
[2019.01.01-20.00.17:549][  0]LogFileCache: Scanning file cache for directory 'C:/Users/Chibi RoggianX/Documents/Unreal Projects/CPSC471FinalProject/Content/' took 0.02s
[2019.01.01-20.00.17:549][  0]LogCook: Display: Max memory allowance for cook 16384mb min free memory 0mb
[2019.01.01-20.00.17:549][  0]LogCook: Display: Mobile HDR setting 1
[2019.01.01-20.00.17:549][  0]LogGameplayTags: Display: UGameplayTagsManager::DoneAddingNativeTags. DelegateIsBound: 0
[2019.01.01-20.00.17:549][  0]LogStats: UGameplayTagsManager::ConstructGameplayTagTree: ImportINI prefixes -  0.000 s
[2019.01.01-20.00.17:549][  0]LogStats: UGameplayTagsManager::ConstructGameplayTagTree: Construct from data asset -  0.000 s
[2019.01.01-20.00.17:549][  0]LogStats: UGameplayTagsManager::ConstructGameplayTagTree: ImportINI -  0.000 s
[2019.01.01-20.00.17:549][  0]LogStats: UGameplayTagsManager::ConstructGameplayTagTree: GameplayTagTreeChangedEvent.Broadcast -  0.000 s
[2019.01.01-20.00.17:649][  0]SourceControl: Source control is disabled
[2019.01.01-20.00.17:649][  0]Cmd: MAP LOAD FILE="../../../../../../Users/Chibi RoggianX/Documents/Unreal Projects/CPSC471FinalProject/Content/StarterContent/Maps/Minimal_Default.umap" TEMPLATE=0 SHOWPROGRESS=1 FEATURELEVEL=3
[2019.01.01-20.00.17:649][  0]LightingResults: New page: Lighting Build
[2019.01.01-20.00.17:651][  0]MapCheck: New page: Map Check
[2019.01.01-20.00.17:651][  0]LightingResults: New page: Lighting Build
[2019.01.01-20.00.18:066][  0]LogAIModule: Creating AISystem for world Minimal_Default
[2019.01.01-20.00.18:074][  0]LogEditorServer: Finished looking for orphan Actors (0.000 secs)
[2019.01.01-20.00.18:104][  0]Cmd: MAP CHECKDEP NOCLEARLOG
[2019.01.01-20.00.18:104][  0]MapCheck: Map check complete: 0 Error(s), 0 Warning(s), took 0.133ms to complete.
[2019.01.01-20.00.18:104][  0]LogFileHelpers: Loading map 'Minimal_Default' took 0.455
[2019.01.01-20.00.18:207][  0]LogSlate: Updating window title bar state: overlay mode, drag disabled, window buttons hidden, title bar hidden
[2019.01.01-20.00.18:214][  0]LogSlate: Updating window title bar state: overlay mode, drag disabled, window buttons hidden, title bar hidden
[2019.01.01-20.00.18:220][  0]LogSlate: Updating window title bar state: overlay mode, drag disabled, window buttons hidden, title bar hidden
[2019.01.01-20.00.18:227][  0]LogSlate: Updating window title bar state: overlay mode, drag disabled, window buttons hidden, title bar hidden
[2019.01.01-20.00.18:235][  0]LogCollectionManager: Loaded 0 collections in 0.001166 seconds
[2019.01.01-20.00.18:263][  0]LogFileCache: Scanning file cache for directory 'C:/Users/Chibi RoggianX/Documents/Unreal Projects/CPSC471FinalProject/Saved/Collections/' took 0.01s
[2019.01.01-20.00.18:263][  0]LogFileCache: Scanning file cache for directory 'C:/Users/Chibi RoggianX/Documents/Unreal Projects/CPSC471FinalProject/Content/Developers/ChibiRoggianX/Collections/' took 0.00s
[2019.01.01-20.00.18:263][  0]LogFileCache: Scanning file cache for directory 'C:/Users/Chibi RoggianX/Documents/Unreal Projects/CPSC471FinalProject/Content/Collections/' took 0.01s
[2019.01.01-20.00.18:263][  0]LogCollectionManager: Rebuilt the GUID cache for 0 collections in 0.000001 seconds
[2019.01.01-20.00.18:271][  0]LogContentBrowser: Native class hierarchy populated in 0.0076 seconds. Added 2651 classes and 620 folders.
[2019.01.01-20.00.18:276][  0]LogContentBrowser: Native class hierarchy updated for 'WidgetCarousel' in 0.0002 seconds. Added 0 classes and 0 folders.
[2019.01.01-20.00.18:282][  0]LogPakFile: Registered encryption key '00000000000000000000000000000000': 0 pak files mounted, 0 remain pending
[2019.01.01-20.00.18:288][  0]LogPakFile: Registered encryption key '00000000000000000000000000000000': 0 pak files mounted, 0 remain pending
[2019.01.01-20.00.18:308][  0]LogPakFile: Registered encryption key '00000000000000000000000000000000': 0 pak files mounted, 0 remain pending
[2019.01.01-20.00.18:313][  0]LogPakFile: Registered encryption key '00000000000000000000000000000000': 0 pak files mounted, 0 remain pending
[2019.01.01-20.00.18:317][  0]LogPakFile: Registered encryption key '00000000000000000000000000000000': 0 pak files mounted, 0 remain pending
[2019.01.01-20.00.18:321][  0]LogPakFile: Registered encryption key '00000000000000000000000000000000': 0 pak files mounted, 0 remain pending
[2019.01.01-20.00.18:324][  0]LogPakFile: Registered encryption key '00000000000000000000000000000000': 0 pak files mounted, 0 remain pending
[2019.01.01-20.00.18:329][  0]LogPakFile: Registered encryption key '00000000000000000000000000000000': 0 pak files mounted, 0 remain pending
[2019.01.01-20.00.18:334][  0]LogPakFile: Registered encryption key '00000000000000000000000000000000': 0 pak files mounted, 0 remain pending
[2019.01.01-20.00.18:339][  0]LogPakFile: Registered encryption key '00000000000000000000000000000000': 0 pak files mounted, 0 remain pending
[2019.01.01-20.00.18:342][  0]LogPakFile: Registered encryption key '00000000000000000000000000000000': 0 pak files mounted, 0 remain pending
[2019.01.01-20.00.18:347][  0]LogPakFile: Registered encryption key '00000000000000000000000000000000': 0 pak files mounted, 0 remain pending
[2019.01.01-20.00.18:351][  0]LogPakFile: Registered encryption key '00000000000000000000000000000000': 0 pak files mounted, 0 remain pending
[2019.01.01-20.00.18:354][  0]LogPakFile: Registered encryption key '00000000000000000000000000000000': 0 pak files mounted, 0 remain pending
[2019.01.01-20.00.18:358][  0]LogPakFile: Registered encryption key '00000000000000000000000000000000': 0 pak files mounted, 0 remain pending
[2019.01.01-20.00.18:362][  0]LogPakFile: Registered encryption key '00000000000000000000000000000000': 0 pak files mounted, 0 remain pending
[2019.01.01-20.00.18:393][  0]LogPakFile: Registered encryption key '00000000000000000000000000000000': 0 pak files mounted, 0 remain pending
[2019.01.01-20.00.18:399][  0]LogPakFile: Registered encryption key '00000000000000000000000000000000': 0 pak files mounted, 0 remain pending
[2019.01.01-20.00.18:403][  0]LogPakFile: Registered encryption key '00000000000000000000000000000000': 0 pak files mounted, 0 remain pending
[2019.01.01-20.00.18:407][  0]LogPakFile: Registered encryption key '00000000000000000000000000000000': 0 pak files mounted, 0 remain pending
[2019.01.01-20.00.18:447][  0]LogPakFile: Registered encryption key '00000000000000000000000000000000': 0 pak files mounted, 0 remain pending
[2019.01.01-20.00.18:451][  0]LogPakFile: Registered encryption key '00000000000000000000000000000000': 0 pak files mounted, 0 remain pending
[2019.01.01-20.00.18:455][  0]LogPakFile: Registered encryption key '00000000000000000000000000000000': 0 pak files mounted, 0 remain pending
[2019.01.01-20.00.18:459][  0]LogPakFile: Registered encryption key '00000000000000000000000000000000': 0 pak files mounted, 0 remain pending
[2019.01.01-20.00.18:467][  0]LogPakFile: Registered encryption key '00000000000000000000000000000000': 0 pak files mounted, 0 remain pending
[2019.01.01-20.00.18:471][  0]LogPakFile: Registered encryption key '00000000000000000000000000000000': 0 pak files mounted, 0 remain pending
[2019.01.01-20.00.18:602][  0]LogContentBrowser: Native class hierarchy updated for 'AddContentDialog' in 0.0003 seconds. Added 0 classes and 0 folders.
[2019.01.01-20.00.18:606][  0]LogContentBrowser: Native class hierarchy updated for 'SceneOutliner' in 0.0002 seconds. Added 1 classes and 2 folders.
[2019.01.01-20.00.18:669][  0]LogSlate: Took 0.000185 seconds to synchronously load lazily loaded font '../../../Engine/Content/Slate/Fonts/Roboto-Regular.ttf' (155K)
[2019.01.01-20.00.18:671][  0]LogSlate: Took 0.000104 seconds to synchronously load lazily loaded font '../../../Engine/Content/Slate/Fonts/Roboto-Bold.ttf' (160K)
[2019.01.01-20.00.18:679][  0]LogSlate: Took 0.004533 seconds to synchronously load lazily loaded font '../../../Engine/Content/Editor/Slate/Fonts/FontAwesome.ttf' (139K)
[2019.01.01-20.00.18:849][  0]LogRenderer: Reallocating scene render targets to support 1208x576 Format 10 NumSamples 1 (Frame:1).
[2019.01.01-20.00.19:034][  0]LogContentBrowser: Native class hierarchy updated for 'HierarchicalLODOutliner' in 0.0002 seconds. Added 0 classes and 0 folders.
[2019.01.01-20.00.19:034][  0]LogLoad: (Engine Initialization) Total time: 8.39 seconds
[2019.01.01-20.00.19:034][  0]LogLoad: (Engine Initialization) Total Blueprint compile time: 0.00 seconds
[2019.01.01-20.00.19:131][  0]LogContentStreaming: Texture pool size now 1000 MB
[2019.01.01-20.00.19:161][  0]LogSlate: Took 0.005000 seconds to synchronously load lazily loaded font '../../../Engine/Content/Slate/Fonts/Roboto-Light.ttf' (167K)
[2019.01.01-20.00.19:181][  1]LogFileCache: Retrieving MD5 hashes for directory 'C:/Users/Chibi RoggianX/Documents/Unreal Projects/CPSC471FinalProject/Content/' took 0.11s
[2019.01.01-20.00.19:633][  2]LogAssetRegistry: Asset discovery search completed in 5.6122 seconds
[2019.01.01-20.00.19:637][  2]LogCollectionManager: Rebuilt the object cache for 0 collections in 0.000001 seconds (found 0 objects)
[2019.01.01-20.00.19:637][  2]LogCollectionManager: Fixed up redirectors for 0 collections in 0.000058 seconds (updated 0 objects)
[2019.01.01-20.00.20:674][  6]LogSlate: Took 0.000269 seconds to synchronously load lazily loaded font '../../../Engine/Content/Slate/Fonts/Roboto-Light.ttf' (167K)
[2019.01.01-20.06.14:853][ 63]LogSlate: FSceneViewport::OnFocusLost() reason 0
[2019.01.01-20.06.14:879][ 63]LogAssetEditorManager: Opening Asset editor for Blueprint /Game/Blueprints/Car.Car
[2019.01.01-20.06.15:527][ 63]LogContentBrowser: Native class hierarchy updated for 'BlueprintGraph' in 0.0006 seconds. Added 117 classes and 0 folders.
[2019.01.01-20.06.16:330][ 63]LogAssetEditorManager: Opening Asset editor for Blueprint /Game/Blueprints/PlatformSpawner.PlatformSpawner
[2019.01.01-20.06.16:641][ 63]LogAssetEditorManager: Opening Asset editor for Blueprint /Game/Blueprints/Platform.Platform
[2019.01.01-20.06.16:942][ 63]LogAssetEditorManager: Opening Asset editor for Blueprint /Game/Blueprints/Player.Player
[2019.01.01-20.06.17:230][ 63]LogAssetEditorManager: Opening Asset editor for Blueprint /Game/Blueprints/GreenTree.GreenTree
[2019.01.01-20.06.17:530][ 63]LogSlate: Took 0.003889 seconds to synchronously load lazily loaded font '../../../Engine/Content/Slate/Fonts/Roboto-BoldCondensed.ttf' (158K)
[2019.01.01-20.06.20:593][128]AssetReimport: New page: Outstanding source content changes 4:06:20 AM
[2019.01.01-20.06.20:600][128]LogEditorFactories: Performing atomic reimport of [C:/Users/Chibi RoggianX/Documents/Unreal Projects/CPSC471FinalProject/Content/Self/Tree.obj]
[2019.01.01-20.06.20:610][128]LogFbx: Loading FBX Scene from C:/Users/Chibi RoggianX/Documents/Unreal Projects/CPSC471FinalProject/Content/Self/Tree.obj
[2019.01.01-20.06.20:616][128]LogFbx: FBX Scene Loaded Succesfully
[2019.01.01-20.06.20:626][128]LogStaticMesh: Building static mesh Tree...
[2019.01.01-20.06.20:629][128]LogStaticMesh: Built static mesh [0.00s] /Game/Blueprints/Tree.Tree
[2019.01.01-20.06.20:639][128]LogEditorFactories: -- imported successfully
[2019.01.01-20.06.20:740][129]Cmd: OBJ SAVEPACKAGE PACKAGE="/Game/Blueprints/Tree" FILE="../../../../../../Users/Chibi RoggianX/Documents/Unreal Projects/CPSC471FinalProject/Content/Blueprints/Tree.uasset" SILENT=true
[2019.01.01-20.06.20:767][129]LogSavePackage: Moving '../../../../../../Users/Chibi RoggianX/Documents/Unreal Projects/CPSC471FinalProject/Saved/Tree09018F994B14FF8D69F3939E48FD1575.tmp' to '../../../../../../Users/Chibi RoggianX/Documents/Unreal Projects/CPSC471FinalProject/Content/Blueprints/Tree.uasset'
[2019.01.01-20.06.23:834][210]AssetReimport: Reimported asset Tree from C:/Users/Chibi RoggianX/Documents/Unreal Projects/CPSC471FinalProject/Content/Self/Tree.obj.
[2019.01.01-20.06.28:925][274]LogSlate: FSceneViewport::OnFocusLost() reason 0
[2019.01.01-20.06.33:133][314]LogSlate: Window 'Delete Assets' being destroyed
[2019.01.01-20.06.43:846][467]LogTemp: Repeating last play command: Selected Viewport
[2019.01.01-20.06.43:890][467]LogBlueprintUserMessages: Early PlayInEditor Detection: Level '/Game/StarterContent/Maps/Minimal_Default.Minimal_Default:PersistentLevel' has LevelScriptBlueprint '/Game/StarterContent/Maps/Minimal_Default.Minimal_Default:PersistentLevel.Minimal_Default' with GeneratedClass '/Game/StarterContent/Maps/Minimal_Default.Minimal_Default_C' with ClassGeneratedBy '/Game/StarterContent/Maps/Minimal_Default.Minimal_Default:PersistentLevel.Minimal_Default'
[2019.01.01-20.06.43:890][467]LogPlayLevel: PlayLevel: No blueprints needed recompiling
[2019.01.01-20.06.43:890][467]PIE: New page: PIE session: Minimal_Default (Jan 1, 2019, 4:06:43 AM)
[2019.01.01-20.06.43:902][467]LogPlayLevel: Creating play world package: /Game/StarterContent/Maps/UEDPIE_0_Minimal_Default
[2019.01.01-20.06.43:904][467]LogPlayLevel: PIE: StaticDuplicateObject took: (0.002017s)
[2019.01.01-20.06.43:904][467]LogAIModule: Creating AISystem for world Minimal_Default
[2019.01.01-20.06.43:905][467]LogPlayLevel: PIE: World Init took: (0.000661s)
[2019.01.01-20.06.43:905][467]LogPlayLevel: PIE: Created PIE world by copying editor world from /Game/StarterContent/Maps/Minimal_Default.Minimal_Default to /Game/StarterContent/Maps/UEDPIE_0_Minimal_Default.Minimal_Default (0.002947s)
[2019.01.01-20.06.43:937][467]LogInit: XAudio2 using 'Speakers (Realtek High Definition Audio)' : 2 channels at 48 kHz using 32 bits per sample (channel mask 0x3)
[2019.01.01-20.06.43:955][467]LogInit: FAudioDevice initialized.
[2019.01.01-20.06.43:999][467]LogLoad: Game class is 'GameMode_Chicken_C'
[2019.01.01-20.06.44:001][467]LogWorld: Bringing World /Game/StarterContent/Maps/UEDPIE_0_Minimal_Default.Minimal_Default up for play (max tick rate 60) at 2019.01.01-12.06.44
[2019.01.01-20.06.44:001][467]LogWorld: Bringing up level for play took: 0.000531
[2019.01.01-20.06.44:018][467]LogContentBrowser: Native class hierarchy updated for 'MovieSceneCapture' in 0.0004 seconds. Added 20 classes and 0 folders.
[2019.01.01-20.06.44:032][467]PIE: Play in editor start time for /Game/StarterContent/Maps/UEDPIE_0_Minimal_Default 0.258
[2019.01.01-20.06.44:032][467]LogBlueprintUserMessages: Late PlayInEditor Detection: Level '/Game/StarterContent/Maps/Minimal_Default.Minimal_Default:PersistentLevel' has LevelScriptBlueprint '/Game/StarterContent/Maps/Minimal_Default.Minimal_Default:PersistentLevel.Minimal_Default' with GeneratedClass '/Game/StarterContent/Maps/Minimal_Default.Minimal_Default_C' with ClassGeneratedBy '/Game/StarterContent/Maps/Minimal_Default.Minimal_Default:PersistentLevel.Minimal_Default'
[2019.01.01-20.07.06:463][ 90]LogWindowsTextInputMethodSystem: Display: IME system now deactivated.
[2019.01.01-20.07.06:463][ 90]LogWindowsTextInputMethodSystem: Display: IME system now deactivated.
[2019.01.01-20.07.06:577][ 93]LogWindowsTextInputMethodSystem: Display: IME system now deactivated.
[2019.01.01-20.07.06:577][ 93]LogWindowsTextInputMethodSystem: Display: IME system now deactivated.
[2019.01.01-20.07.06:900][102]LogSlate: FSceneViewport::OnFocusLost() reason 2
[2019.01.01-20.07.08:449][146]LogBlueprintUserMessages: Early EndPlayMap Detection: Level '/Game/StarterContent/Maps/Minimal_Default.Minimal_Default:PersistentLevel' has LevelScriptBlueprint '/Game/StarterContent/Maps/Minimal_Default.Minimal_Default:PersistentLevel.Minimal_Default' with GeneratedClass '/Game/StarterContent/Maps/Minimal_Default.Minimal_Default_C' with ClassGeneratedBy '/Game/StarterContent/Maps/Minimal_Default.Minimal_Default:PersistentLevel.Minimal_Default'
[2019.01.01-20.07.08:449][146]LogSlate: Updating window title bar state: overlay mode, drag disabled, window buttons hidden, title bar hidden
[2019.01.01-20.07.08:499][146]LogPlayLevel: Display: Shutting down PIE online subsystems
[2019.01.01-20.07.08:499][146]LogBlueprintUserMessages: Late EndPlayMap Detection: Level '/Game/StarterContent/Maps/Minimal_Default.Minimal_Default:PersistentLevel' has LevelScriptBlueprint '/Game/StarterContent/Maps/Minimal_Default.Minimal_Default:PersistentLevel.Minimal_Default' with GeneratedClass '/Game/StarterContent/Maps/Minimal_Default.Minimal_Default_C' with ClassGeneratedBy '/Game/StarterContent/Maps/Minimal_Default.Minimal_Default:PersistentLevel.Minimal_Default'
[2019.01.01-20.07.08:535][146]LogSlate: Updating window title bar state: overlay mode, drag disabled, window buttons hidden, title bar hidden
[2019.01.01-20.07.08:551][147]LogPlayLevel: Display: Destroying online subsystem :Context_12
[2019.01.01-20.08.15:406][384]LogSlate: Took 0.008027 seconds to synchronously load lazily loaded font '../../../Engine/Content/Slate/Fonts/Roboto-Italic.ttf' (157K)
[2019.01.01-20.08.17:622][424]LogRenderer: Reallocating scene render targets to support 1208x616 Format 10 NumSamples 1 (Frame:1).
[2019.01.01-20.08.40:247][765]LogSlate: FSceneViewport::OnFocusLost() reason 0
[2019.01.01-20.08.43:127][821]LogTemp: Repeating last play command: Selected Viewport
[2019.01.01-20.08.43:182][821]LogBlueprintUserMessages: Early PlayInEditor Detection: Level '/Game/StarterContent/Maps/Minimal_Default.Minimal_Default:PersistentLevel' has LevelScriptBlueprint '/Game/StarterContent/Maps/Minimal_Default.Minimal_Default:PersistentLevel.Minimal_Default' with GeneratedClass '/Game/StarterContent/Maps/Minimal_Default.Minimal_Default_C' with ClassGeneratedBy '/Game/StarterContent/Maps/Minimal_Default.Minimal_Default:PersistentLevel.Minimal_Default'
[2019.01.01-20.08.43:182][821]BlueprintLog: New page: Pre-Play auto-recompile
[2019.01.01-20.08.43:210][821]LogPlayLevel: [PlayLevel] Compiling Player before play...
[2019.01.01-20.08.43:421][821]LogPlayLevel: PlayLevel: Blueprint regeneration took 238 ms (1 blueprints)
[2019.01.01-20.08.43:421][821]PIE: New page: PIE session: Minimal_Default (Jan 1, 2019, 4:08:43 AM)
[2019.01.01-20.08.43:421][821]LogPlayLevel: Creating play world package: /Game/StarterContent/Maps/UEDPIE_0_Minimal_Default
[2019.01.01-20.08.43:424][821]LogPlayLevel: PIE: StaticDuplicateObject took: (0.002865s)
[2019.01.01-20.08.43:425][821]LogAIModule: Creating AISystem for world Minimal_Default
[2019.01.01-20.08.43:425][821]LogPlayLevel: PIE: World Init took: (0.000761s)
[2019.01.01-20.08.43:425][821]LogPlayLevel: PIE: Created PIE world by copying editor world from /Game/StarterContent/Maps/Minimal_Default.Minimal_Default to /Game/StarterContent/Maps/UEDPIE_0_Minimal_Default.Minimal_Default (0.003808s)
[2019.01.01-20.08.43:455][821]LogInit: XAudio2 using 'Speakers (Realtek High Definition Audio)' : 2 channels at 48 kHz using 32 bits per sample (channel mask 0x3)
[2019.01.01-20.08.43:473][821]LogInit: FAudioDevice initialized.
[2019.01.01-20.08.43:506][821]LogLoad: Game class is 'GameMode_Chicken_C'
[2019.01.01-20.08.43:508][821]LogWorld: Bringing World /Game/StarterContent/Maps/UEDPIE_0_Minimal_Default.Minimal_Default up for play (max tick rate 60) at 2019.01.01-12.08.43
[2019.01.01-20.08.43:508][821]LogWorld: Bringing up level for play took: 0.000519
[2019.01.01-20.08.43:539][821]PIE: Play in editor start time for /Game/StarterContent/Maps/UEDPIE_0_Minimal_Default -0.235
[2019.01.01-20.08.43:540][821]LogBlueprintUserMessages: Late PlayInEditor Detection: Level '/Game/StarterContent/Maps/Minimal_Default.Minimal_Default:PersistentLevel' has LevelScriptBlueprint '/Game/StarterContent/Maps/Minimal_Default.Minimal_Default:PersistentLevel.Minimal_Default' with GeneratedClass '/Game/StarterContent/Maps/Minimal_Default.Minimal_Default_C' with ClassGeneratedBy '/Game/StarterContent/Maps/Minimal_Default.Minimal_Default:PersistentLevel.Minimal_Default'
[2019.01.01-20.08.49:275][972]LogBlueprintUserMessages: Early EndPlayMap Detection: Level '/Game/StarterContent/Maps/Minimal_Default.Minimal_Default:PersistentLevel' has LevelScriptBlueprint '/Game/StarterContent/Maps/Minimal_Default.Minimal_Default:PersistentLevel.Minimal_Default' with GeneratedClass '/Game/StarterContent/Maps/Minimal_Default.Minimal_Default_C' with ClassGeneratedBy '/Game/StarterContent/Maps/Minimal_Default.Minimal_Default:PersistentLevel.Minimal_Default'
[2019.01.01-20.08.49:276][972]LogSlate: Updating window title bar state: overlay mode, drag disabled, window buttons hidden, title bar hidden
[2019.01.01-20.08.49:333][972]LogPlayLevel: Display: Shutting down PIE online subsystems
[2019.01.01-20.08.49:333][972]LogBlueprintUserMessages: Late EndPlayMap Detection: Level '/Game/StarterContent/Maps/Minimal_Default.Minimal_Default:PersistentLevel' has LevelScriptBlueprint '/Game/StarterContent/Maps/Minimal_Default.Minimal_Default:PersistentLevel.Minimal_Default' with GeneratedClass '/Game/StarterContent/Maps/Minimal_Default.Minimal_Default_C' with ClassGeneratedBy '/Game/StarterContent/Maps/Minimal_Default.Minimal_Default:PersistentLevel.Minimal_Default'
[2019.01.01-20.08.49:374][972]LogSlate: Updating window title bar state: overlay mode, drag disabled, window buttons hidden, title bar hidden
[2019.01.01-20.08.49:392][973]LogPlayLevel: Display: Destroying online subsystem :Context_13
[2019.01.01-20.09.00:534][128]LogSlate: FSceneViewport::OnFocusLost() reason 0
[2019.01.01-20.09.00:662][130]LogTemp: Repeating last play command: Selected Viewport
[2019.01.01-20.09.00:714][130]LogBlueprintUserMessages: Early PlayInEditor Detection: Level '/Game/StarterContent/Maps/Minimal_Default.Minimal_Default:PersistentLevel' has LevelScriptBlueprint '/Game/StarterContent/Maps/Minimal_Default.Minimal_Default:PersistentLevel.Minimal_Default' with GeneratedClass '/Game/StarterContent/Maps/Minimal_Default.Minimal_Default_C' with ClassGeneratedBy '/Game/StarterContent/Maps/Minimal_Default.Minimal_Default:PersistentLevel.Minimal_Default'
[2019.01.01-20.09.00:714][130]BlueprintLog: New page: Pre-Play auto-recompile
[2019.01.01-20.09.00:733][130]LogPlayLevel: [PlayLevel] Compiling Player before play...
[2019.01.01-20.09.00:936][130]LogPlayLevel: PlayLevel: Blueprint regeneration took 221 ms (1 blueprints)
[2019.01.01-20.09.00:936][130]PIE: New page: PIE session: Minimal_Default (Jan 1, 2019, 4:09:00 AM)
[2019.01.01-20.09.00:936][130]LogPlayLevel: Creating play world package: /Game/StarterContent/Maps/UEDPIE_0_Minimal_Default
[2019.01.01-20.09.00:938][130]LogPlayLevel: PIE: StaticDuplicateObject took: (0.002100s)
[2019.01.01-20.09.00:939][130]LogAIModule: Creating AISystem for world Minimal_Default
[2019.01.01-20.09.00:939][130]LogPlayLevel: PIE: World Init took: (0.000512s)
[2019.01.01-20.09.00:939][130]LogPlayLevel: PIE: Created PIE world by copying editor world from /Game/StarterContent/Maps/Minimal_Default.Minimal_Default to /Game/StarterContent/Maps/UEDPIE_0_Minimal_Default.Minimal_Default (0.002697s)
[2019.01.01-20.09.00:974][130]LogInit: XAudio2 using 'Speakers (Realtek High Definition Audio)' : 2 channels at 48 kHz using 32 bits per sample (channel mask 0x3)
[2019.01.01-20.09.00:997][130]LogInit: FAudioDevice initialized.
[2019.01.01-20.09.01:034][130]LogLoad: Game class is 'GameMode_Chicken_C'
[2019.01.01-20.09.01:035][130]LogWorld: Bringing World /Game/StarterContent/Maps/UEDPIE_0_Minimal_Default.Minimal_Default up for play (max tick rate 60) at 2019.01.01-12.09.01
[2019.01.01-20.09.01:035][130]LogWorld: Bringing up level for play took: 0.000633
[2019.01.01-20.09.01:079][130]PIE: Play in editor start time for /Game/StarterContent/Maps/UEDPIE_0_Minimal_Default 1.304
[2019.01.01-20.09.01:079][130]LogBlueprintUserMessages: Late PlayInEditor Detection: Level '/Game/StarterContent/Maps/Minimal_Default.Minimal_Default:PersistentLevel' has LevelScriptBlueprint '/Game/StarterContent/Maps/Minimal_Default.Minimal_Default:PersistentLevel.Minimal_Default' with GeneratedClass '/Game/StarterContent/Maps/Minimal_Default.Minimal_Default_C' with ClassGeneratedBy '/Game/StarterContent/Maps/Minimal_Default.Minimal_Default:PersistentLevel.Minimal_Default'
[2019.01.01-20.09.08:791][290]LogBlueprintUserMessages: Early EndPlayMap Detection: Level '/Game/StarterContent/Maps/Minimal_Default.Minimal_Default:PersistentLevel' has LevelScriptBlueprint '/Game/StarterContent/Maps/Minimal_Default.Minimal_Default:PersistentLevel.Minimal_Default' with GeneratedClass '/Game/StarterContent/Maps/Minimal_Default.Minimal_Default_C' with ClassGeneratedBy '/Game/StarterContent/Maps/Minimal_Default.Minimal_Default:PersistentLevel.Minimal_Default'
[2019.01.01-20.09.08:791][290]LogSlate: Updating window title bar state: overlay mode, drag disabled, window buttons hidden, title bar hidden
[2019.01.01-20.09.08:847][290]LogPlayLevel: Display: Shutting down PIE online subsystems
[2019.01.01-20.09.08:847][290]LogBlueprintUserMessages: Late EndPlayMap Detection: Level '/Game/StarterContent/Maps/Minimal_Default.Minimal_Default:PersistentLevel' has LevelScriptBlueprint '/Game/StarterContent/Maps/Minimal_Default.Minimal_Default:PersistentLevel.Minimal_Default' with GeneratedClass '/Game/StarterContent/Maps/Minimal_Default.Minimal_Default_C' with ClassGeneratedBy '/Game/StarterContent/Maps/Minimal_Default.Minimal_Default:PersistentLevel.Minimal_Default'
[2019.01.01-20.09.08:888][290]LogSlate: Updating window title bar state: overlay mode, drag disabled, window buttons hidden, title bar hidden
[2019.01.01-20.09.08:908][291]LogPlayLevel: Display: Destroying online subsystem :Context_14
[2019.01.01-20.09.15:002][374]LogSlate: FSceneViewport::OnFocusLost() reason 2
[2019.01.01-20.09.15:631][405]BlueprintLog: New page: Compile Player
[2019.01.01-20.09.16:984][423]LogTemp: Repeating last play command: Selected Viewport
[2019.01.01-20.09.17:034][423]LogBlueprintUserMessages: Early PlayInEditor Detection: Level '/Game/StarterContent/Maps/Minimal_Default.Minimal_Default:PersistentLevel' has LevelScriptBlueprint '/Game/StarterContent/Maps/Minimal_Default.Minimal_Default:PersistentLevel.Minimal_Default' with GeneratedClass '/Game/StarterContent/Maps/Minimal_Default.Minimal_Default_C' with ClassGeneratedBy '/Game/StarterContent/Maps/Minimal_Default.Minimal_Default:PersistentLevel.Minimal_Default'
[2019.01.01-20.09.17:034][423]LogPlayLevel: PlayLevel: No blueprints needed recompiling
[2019.01.01-20.09.17:034][423]PIE: New page: PIE session: Minimal_Default (Jan 1, 2019, 4:09:17 AM)
[2019.01.01-20.09.17:034][423]LogPlayLevel: Creating play world package: /Game/StarterContent/Maps/UEDPIE_0_Minimal_Default
[2019.01.01-20.09.17:036][423]LogPlayLevel: PIE: StaticDuplicateObject took: (0.002135s)
[2019.01.01-20.09.17:037][423]LogAIModule: Creating AISystem for world Minimal_Default
[2019.01.01-20.09.17:037][423]LogPlayLevel: PIE: World Init took: (0.000539s)
[2019.01.01-20.09.17:037][423]LogPlayLevel: PIE: Created PIE world by copying editor world from /Game/StarterContent/Maps/Minimal_Default.Minimal_Default to /Game/StarterContent/Maps/UEDPIE_0_Minimal_Default.Minimal_Default (0.002772s)
[2019.01.01-20.09.17:072][423]LogInit: XAudio2 using 'Speakers (Realtek High Definition Audio)' : 2 channels at 48 kHz using 32 bits per sample (channel mask 0x3)
[2019.01.01-20.09.17:092][423]LogInit: FAudioDevice initialized.
[2019.01.01-20.09.17:131][423]LogLoad: Game class is 'GameMode_Chicken_C'
[2019.01.01-20.09.17:132][423]LogWorld: Bringing World /Game/StarterContent/Maps/UEDPIE_0_Minimal_Default.Minimal_Default up for play (max tick rate 60) at 2019.01.01-12.09.17
[2019.01.01-20.09.17:132][423]LogWorld: Bringing up level for play took: 0.000586
[2019.01.01-20.09.17:164][423]PIE: Play in editor start time for /Game/StarterContent/Maps/UEDPIE_0_Minimal_Default -0.61
[2019.01.01-20.09.17:165][423]LogBlueprintUserMessages: Late PlayInEditor Detection: Level '/Game/StarterContent/Maps/Minimal_Default.Minimal_Default:PersistentLevel' has LevelScriptBlueprint '/Game/StarterContent/Maps/Minimal_Default.Minimal_Default:PersistentLevel.Minimal_Default' with GeneratedClass '/Game/StarterContent/Maps/Minimal_Default.Minimal_Default_C' with ClassGeneratedBy '/Game/StarterContent/Maps/Minimal_Default.Minimal_Default:PersistentLevel.Minimal_Default'
[2019.01.01-20.09.27:488][715]LogSlate: FSceneViewport::OnFocusLost() reason 2
[2019.01.01-20.09.28:770][754]LogBlueprintUserMessages: Early EndPlayMap Detection: Level '/Game/StarterContent/Maps/Minimal_Default.Minimal_Default:PersistentLevel' has LevelScriptBlueprint '/Game/StarterContent/Maps/Minimal_Default.Minimal_Default:PersistentLevel.Minimal_Default' with GeneratedClass '/Game/StarterContent/Maps/Minimal_Default.Minimal_Default_C' with ClassGeneratedBy '/Game/StarterContent/Maps/Minimal_Default.Minimal_Default:PersistentLevel.Minimal_Default'
[2019.01.01-20.09.28:770][754]LogSlate: Updating window title bar state: overlay mode, drag disabled, window buttons hidden, title bar hidden
[2019.01.01-20.09.28:827][754]LogPlayLevel: Display: Shutting down PIE online subsystems
[2019.01.01-20.09.28:828][754]LogBlueprintUserMessages: Late EndPlayMap Detection: Level '/Game/StarterContent/Maps/Minimal_Default.Minimal_Default:PersistentLevel' has LevelScriptBlueprint '/Game/StarterContent/Maps/Minimal_Default.Minimal_Default:PersistentLevel.Minimal_Default' with GeneratedClass '/Game/StarterContent/Maps/Minimal_Default.Minimal_Default_C' with ClassGeneratedBy '/Game/StarterContent/Maps/Minimal_Default.Minimal_Default:PersistentLevel.Minimal_Default'
[2019.01.01-20.09.28:868][754]LogSlate: Updating window title bar state: overlay mode, drag disabled, window buttons hidden, title bar hidden
[2019.01.01-20.09.28:886][755]LogPlayLevel: Display: Destroying online subsystem :Context_15
[2019.01.01-20.10.51:334][775]LogSlate: FSceneViewport::OnFocusLost() reason 2
[2019.01.01-20.11.23:568][176]LogFileHelpers: Editor autosave (incl. sublevels) for '/Game/StarterContent/Maps/Minimal_Default' took 0.031
[2019.01.01-20.11.23:569][176]OBJ SavePackage: Generating thumbnails for [1] asset(s) in package [/Game/Blueprints/Player] ([1] browsable assets)...
[2019.01.01-20.11.23:603][176]OBJ SavePackage:     Rendered thumbnail for [Blueprint /Game/Blueprints/Player.Player]
[2019.01.01-20.11.23:603][176]OBJ SavePackage: Finished generating thumbnails for package [/Game/Blueprints/Player]
[2019.01.01-20.11.23:654][176]LogSavePackage: Moving '../../../../../../Users/Chibi RoggianX/Documents/Unreal Projects/CPSC471FinalProject/Saved/Player_Auto1BB46ED9343390BF2C141309D77EC87A8.tmp' to '../../../../../../Users/Chibi RoggianX/Documents/Unreal Projects/CPSC471FinalProject/Saved/Autosaves/Game/Blueprints/Player_Auto1.uasset'
[2019.01.01-20.11.23:656][176]OBJ SavePackage: Generating thumbnails for [1] asset(s) in package [/Game/Blueprints/GreenTree] ([1] browsable assets)...
[2019.01.01-20.11.23:690][176]OBJ SavePackage:     Rendered thumbnail for [Blueprint /Game/Blueprints/GreenTree.GreenTree]
[2019.01.01-20.11.23:690][176]OBJ SavePackage: Finished generating thumbnails for package [/Game/Blueprints/GreenTree]
[2019.01.01-20.11.23:721][176]LogSavePackage: Moving '../../../../../../Users/Chibi RoggianX/Documents/Unreal Projects/CPSC471FinalProject/Saved/GreenTree_Auto1C0BDDF174C063A41EA67808D09F0A8BC.tmp' to '../../../../../../Users/Chibi RoggianX/Documents/Unreal Projects/CPSC471FinalProject/Saved/Autosaves/Game/Blueprints/GreenTree_Auto1.uasset'
[2019.01.01-20.11.23:722][176]LogFileHelpers: Auto-saving content packages took 0.153
[2019.01.01-20.11.39:491][263]LogRenderer: Reallocating scene render targets to support 1208x696 Format 10 NumSamples 1 (Frame:1683).
[2019.01.01-20.11.43:349][292]AssetReimport: New page: Outstanding source content changes 4:11:43 AM
[2019.01.01-20.11.43:351][292]LogFactory: FactoryCreateFile: StaticMesh with FbxFactory (0 0 C:/Users/Chibi RoggianX/Documents/Unreal Projects/CPSC471FinalProject/Content/Self/Center.obj)
[2019.01.01-20.11.43:358][292]LogFbx: Loading FBX Scene from C:/Users/Chibi RoggianX/Documents/Unreal Projects/CPSC471FinalProject/Content/Self/Center.obj
[2019.01.01-20.11.43:359][292]LogFbx: FBX Scene Loaded Succesfully
[2019.01.01-20.11.52:184][292]LogSlate: Window 'FBX Import Options' being destroyed
[2019.01.01-20.11.52:333][292]LogLinker: Can't find file '/Game/Self/Center'
[2019.01.01-20.11.52:378][292]LogStaticMesh: Building static mesh Center...
[2019.01.01-20.11.52:378][292]LogStaticMesh: Built static mesh [0.00s] /Game/Self/Center.Center
[2019.01.01-20.11.52:429][293]LogEditorFactories: Performing atomic reimport of [C:/Users/Chibi RoggianX/Documents/Unreal Projects/CPSC471FinalProject/Content/Self/Center.png]
[2019.01.01-20.11.52:429][293]LogFactory: FactoryCreateFile: Texture2D with ReimportTextureFactory (0 0 C:/Users/Chibi RoggianX/Documents/Unreal Projects/CPSC471FinalProject/Content/Self/Center.png)
[2019.01.01-20.11.52:452][293]LogEditorFactories: -- imported successfully
[2019.01.01-20.11.52:633][294]Cmd: OBJ SAVEPACKAGE PACKAGE="/Game/Self/Center" FILE="../../../../../../Users/Chibi RoggianX/Documents/Unreal Projects/CPSC471FinalProject/Content/Self/Center.uasset" SILENT=true
[2019.01.01-20.11.52:652][294]LogSavePackage: Moving '../../../../../../Users/Chibi RoggianX/Documents/Unreal Projects/CPSC471FinalProject/Saved/Center99EA87C841CB7133775658A92934C4FF.tmp' to '../../../../../../Users/Chibi RoggianX/Documents/Unreal Projects/CPSC471FinalProject/Content/Self/Center.uasset'
[2019.01.01-20.11.54:243][313]LogSlate: Window 'Message Log' being destroyed
[2019.01.01-20.11.54:280][313]LogSlate: Window 'Message Log' being destroyed
[2019.01.01-20.11.57:090][323]AssetReimport: Importing new asset /Game/Self/Center.
[2019.01.01-20.11.57:090][323]AssetReimport: Reimported asset Center1 from C:/Users/Chibi RoggianX/Documents/Unreal Projects/CPSC471FinalProject/Content/Self/Center.png.
[2019.01.01-20.12.07:747][425]LogWindows: Error: === Critical error: ===
[2019.01.01-20.12.07:747][425]LogWindows: Error: 
[2019.01.01-20.12.07:747][425]LogWindows: Error: Fatal error!
[2019.01.01-20.12.07:747][425]LogWindows: Error: 
[2019.01.01-20.12.07:747][425]LogWindows: Error: Unhandled Exception: EXCEPTION_ACCESS_VIOLATION reading address 0x00000000
[2019.01.01-20.12.07:747][425]LogWindows: Error: 
[2019.01.01-20.12.07:747][425]LogWindows: Error: [Callstack] 0x00007ff87ad03cf8 KERNELBASE.dll!UnknownFunction []
[2019.01.01-20.12.07:747][425]LogWindows: Error: [Callstack] 0x00007ff866b8a9c6 DUI70.dll!UnknownFunction []
[2019.01.01-20.12.07:747][425]LogWindows: Error: [Callstack] 0x00007ff866c38fa3 DUI70.dll!UnknownFunction []
[2019.01.01-20.12.07:747][425]LogWindows: Error: [Callstack] 0x00007ff866bcf7e5 DUI70.dll!UnknownFunction []
[2019.01.01-20.12.07:747][425]LogWindows: Error: [Callstack] 0x00007ff866b88609 DUI70.dll!UnknownFunction []
[2019.01.01-20.12.07:747][425]LogWindows: Error: [Callstack] 0x00007ff87cc93238 SHELL32.dll!UnknownFunction []
[2019.01.01-20.12.07:747][425]LogWindows: Error: [Callstack] 0x00007ff87ccf50df SHELL32.dll!UnknownFunction []
[2019.01.01-20.12.07:747][425]LogWindows: Error: [Callstack] 0x00007ff87cd24707 SHELL32.dll!UnknownFunction []
[2019.01.01-20.12.07:747][425]LogWindows: Error: [Callstack] 0x00007ff87cd23f9b SHELL32.dll!UnknownFunction []
[2019.01.01-20.12.07:747][425]LogWindows: Error: [Callstack] 0x00007ff87cd23b8f SHELL32.dll!UnknownFunction []
[2019.01.01-20.12.07:747][425]LogWindows: Error: [Callstack] 0x00007ff87cd23cef SHELL32.dll!UnknownFunction []
[2019.01.01-20.12.07:747][425]LogWindows: Error: [Callstack] 0x00007ff87cd23c7a SHELL32.dll!UnknownFunction []
[2019.01.01-20.12.07:747][425]LogWindows: Error: [Callstack] 0x00007ff87ca30266 COMDLG32.dll!UnknownFunction []
[2019.01.01-20.12.07:747][425]LogWindows: Error: [Callstack] 0x00007ff87ca355f7 COMDLG32.dll!UnknownFunction []
[2019.01.01-20.12.07:747][425]LogWindows: Error: [Callstack] 0x00007ff87ca27b53 COMDLG32.dll!UnknownFunction []
[2019.01.01-20.12.07:747][425]LogWindows: Error: [Callstack] 0x00007ff87e56eb53 USER32.dll!UnknownFunction []
[2019.01.01-20.12.07:747][425]LogWindows: Error: [Callstack] 0x00007ff87e56e261 USER32.dll!UnknownFunction []
[2019.01.01-20.12.07:747][425]LogWindows: Error: [Callstack] 0x00007ff87e56e176 USER32.dll!UnknownFunction []
[2019.01.01-20.12.07:747][425]LogWindows: Error: [Callstack] 0x00007ff87e56bc50 USER32.dll!UnknownFunction []
[2019.01.01-20.12.07:747][425]LogWindows: Error: [Callstack] 0x00007ff87e56b16d USER32.dll!UnknownFunction []
[2019.01.01-20.12.07:747][425]LogWindows: Error: [Callstack] 0x00007ff87e574c86 USER32.dll!UnknownFunction []
[2019.01.01-20.12.07:747][425]LogWindows: Error: [Callstack] 0x00007ff87e58e0b5 USER32.dll!UnknownFunction []
[2019.01.01-20.12.07:747][425]LogWindows: Error: [Callstack] 0x00007ff87e58d8f2 USER32.dll!UnknownFunction []
[2019.01.01-20.12.07:747][425]LogWindows: Error: [Callstack] 0x00007ff87e58d888 USER32.dll!UnknownFunction []
[2019.01.01-20.12.07:747][425]LogWindows: Error: [Callstack] 0x00007ff87ca338af COMDLG32.dll!UnknownFunction []
[2019.01.01-20.12.07:747][425]LogWindows: Error: [Callstack] 0x00007ff85348cb06 UE4Editor-DesktopPlatform.dll!UnknownFunction []
[2019.01.01-20.12.07:747][425]LogWindows: Error: [Callstack] 0x00007ff853495ad5 UE4Editor-DesktopPlatform.dll!UnknownFunction []
[2019.01.01-20.12.07:747][425]LogWindows: Error: [Callstack] 0x00007ff82cba7204 UE4Editor-AssetTools.dll!UnknownFunction []
[2019.01.01-20.12.07:747][425]LogWindows: Error: [Callstack] 0x00007ff82995453c UE4Editor-ContentBrowser.dll!UnknownFunction []
[2019.01.01-20.12.07:747][425]LogWindows: Error: [Callstack] 0x00007ff82994c301 UE4Editor-ContentBrowser.dll!UnknownFunction []
[2019.01.01-20.12.07:747][425]LogWindows: Error: [Callstack] 0x00007ff82991882f UE4Editor-ContentBrowser.dll!UnknownFunction []
[2019.01.01-20.12.07:747][425]LogWindows: Error: [Callstack] 0x00007ff84cc1c7bb UE4Editor-Slate.dll!UnknownFunction []
[2019.01.01-20.12.07:747][425]LogWindows: Error: [Callstack] 0x00007ff84ca08e25 UE4Editor-Slate.dll!UnknownFunction []
[2019.01.01-20.12.07:747][425]LogWindows: Error: [Callstack] 0x00007ff84caa2678 UE4Editor-Slate.dll!UnknownFunction []
[2019.01.01-20.12.07:747][425]LogWindows: Error: [Callstack] 0x00007ff84ca8857a UE4Editor-Slate.dll!UnknownFunction []
[2019.01.01-20.12.07:747][425]LogWindows: Error: [Callstack] 0x00007ff84ca7b44c UE4Editor-Slate.dll!UnknownFunction []
[2019.01.01-20.12.07:747][425]LogWindows: Error: [Callstack] 0x00007ff858d2de26 UE4Editor-ApplicationCore.dll!UnknownFunction []
[2019.01.01-20.12.07:747][425]LogWindows: Error: [Callstack] 0x00007ff858d20de0 UE4Editor-ApplicationCore.dll!UnknownFunction []
[2019.01.01-20.12.07:747][425]LogWindows: Error: [Callstack] 0x00007ff858d301eb UE4Editor-ApplicationCore.dll!UnknownFunction []
[2019.01.01-20.12.07:747][425]LogWindows: Error: [Callstack] 0x00007ff858d1ca19 UE4Editor-ApplicationCore.dll!UnknownFunction []
[2019.01.01-20.12.07:747][425]LogWindows: Error: [Callstack] 0x00007ff87e56bc50 USER32.dll!UnknownFunction []
[2019.01.01-20.12.07:747][425]LogWindows: Error: [Callstack] 0x00007ff87e56b5cf USER32.dll!UnknownFunction []
[2019.01.01-20.12.07:747][425]LogWindows: Error: [Callstack] 0x00007ff858d31746 UE4Editor-ApplicationCore.dll!UnknownFunction []
[2019.01.01-20.12.07:748][425]LogWindows: Error: [Callstack] 0x00007ff7a2db5546 UE4Editor.exe!UnknownFunction []
[2019.01.01-20.12.07:748][425]LogWindows: Error: [Callstack] 0x00007ff7a2dc596c UE4Editor.exe!UnknownFunction []
[2019.01.01-20.12.07:748][425]LogWindows: Error: [Callstack] 0x00007ff7a2dc59ea UE4Editor.exe!UnknownFunction []
[2019.01.01-20.12.07:748][425]LogWindows: Error: [Callstack] 0x00007ff7a2dd48da UE4Editor.exe!UnknownFunction []
[2019.01.01-20.12.07:748][425]LogWindows: Error: [Callstack] 0x00007ff7a2dd659a UE4Editor.exe!UnknownFunction []
[2019.01.01-20.12.07:748][425]LogWindows: Error: [Callstack] 0x00007ff87e392774 KERNEL32.DLL!UnknownFunction []
[2019.01.01-20.12.07:748][425]LogWindows: Error: [Callstack] 0x00007ff87e720d61 ntdll.dll!UnknownFunction []
[2019.01.01-20.12.07:748][425]LogWindows: Error: 
[2019.01.01-20.12.07:763][425]LogExit: Executing StaticShutdownAfterError
[2019.01.01-20.12.07:768][425]LogWindows: FPlatformMisc::RequestExit(1)
[2019.01.01-20.12.07:772][425]Log file closed, 01/01/19 12:12:07
